2023-12-16 15:06:29,282 - MMSA [INFO] - ======================================== Program Start ========================================
2023-12-16 15:06:29,282 - MMSA [INFO] - Running with args:
2023-12-16 15:06:29,282 - MMSA [INFO] - {'model_name': 'mtfn', 'dataset_name': 'sims', 'featurePath': 'data\\configure.pkl', 'seq_lens': [39, 400, 55], 'feature_dims': [768, 33, 709], 'train_samples': 1368, 'num_classes': 3, 'language': 'cn', 'KeyEval': 'Loss', 'missing_rate': [0.2, 0.2, 0.2], 'missing_seed': [1111, 1111, 1111], 'need_data_aligned': False, 'need_model_aligned': False, 'need_normalized': True, 'early_stop': 8, 'hidden_dims': [256, 32, 256], 'text_out': 256, 'post_fusion_dim': 64, 'post_text_dim': 64, 'post_audio_dim': 4, 'post_video_dim': 8, 'dropouts': [0.2, 0.2, 0.2], 'post_dropouts': [0.2, 0.2, 0.2, 0.2], 'batch_size': 16, 'learning_rate': 0.005, 'M': 0.6, 'T': 0.4, 'A': 0.0, 'V': 1.0, 'text_weight_decay': 0.001, 'audio_weight_decay': 0.0001, 'video_weight_decay': 1e-05, 'weight_decay': 0.005, 'model_save_path': WindowsPath('model/mtfn-sims.pth'), 'device': device(type='cpu'), 'train_mode': 'classification', 'custom_feature': None, 'feature_T': None, 'feature_A': None, 'feature_V': None}
2023-12-16 15:06:29,282 - MMSA [INFO] - Seeds: [1111, 1112, 1113, 1114, 1115]
2023-12-16 15:06:29,292 - MMSA [INFO] - ------------------------------ Running with seed 1111 [1/5] ------------------------------
2023-12-16 15:06:30,280 - MMSA [INFO] - train samples: (1368,)
2023-12-16 15:06:30,853 - MMSA [INFO] - valid samples: (456,)
2023-12-16 15:06:31,342 - MMSA [INFO] - test samples: (457,)
2023-12-16 15:06:32,061 - MMSA [INFO] - The model has 140957476 trainable parameters
2023-12-16 15:12:39,088 - MMSA [INFO] - ======================================== Program Start ========================================
2023-12-16 15:12:39,098 - MMSA [INFO] - Running with args:
2023-12-16 15:12:39,098 - MMSA [INFO] - {'model_name': 'mtfn', 'dataset_name': 'sims', 'featurePath': 'data\\configure.pkl', 'seq_lens': [39, 400, 55], 'feature_dims': [768, 33, 709], 'train_samples': 1368, 'num_classes': 3, 'language': 'cn', 'KeyEval': 'Loss', 'missing_rate': [0.2, 0.2, 0.2], 'missing_seed': [1111, 1111, 1111], 'need_data_aligned': False, 'need_model_aligned': False, 'need_normalized': True, 'early_stop': 8, 'hidden_dims': [256, 32, 256], 'text_out': 256, 'post_fusion_dim': 64, 'post_text_dim': 64, 'post_audio_dim': 4, 'post_video_dim': 8, 'dropouts': [0.2, 0.2, 0.2], 'post_dropouts': [0.2, 0.2, 0.2, 0.2], 'batch_size': 16, 'learning_rate': 0.005, 'M': 0.6, 'T': 0.4, 'A': 0.0, 'V': 1.0, 'text_weight_decay': 0.001, 'audio_weight_decay': 0.0001, 'video_weight_decay': 1e-05, 'weight_decay': 0.005, 'model_save_path': WindowsPath('model/mtfn-sims.pth'), 'device': device(type='cpu'), 'train_mode': 'classification', 'custom_feature': None, 'feature_T': None, 'feature_A': None, 'feature_V': None}
2023-12-16 15:12:39,098 - MMSA [INFO] - Seeds: [1111, 1112, 1113, 1114, 1115]
2023-12-16 15:12:39,098 - MMSA [INFO] - ------------------------------ Running with seed 1111 [1/5] ------------------------------
2023-12-16 15:12:39,563 - MMSA [INFO] - train samples: (1368,)
2023-12-16 15:12:40,063 - MMSA [INFO] - valid samples: (456,)
2023-12-16 15:12:40,528 - MMSA [INFO] - test samples: (457,)
2023-12-16 15:12:41,258 - MMSA [INFO] - The model has 140957476 trainable parameters
2023-12-16 15:15:02,925 - MMSA [INFO] - M: >>  Has0_acc_2: 0.6520  Has0_F1_score: 0.6190  Non0_acc_2: 0.5521  Non0_F1_score: 0.4786  Acc_3: 0.5278  F1_score_3: 0.4525 
2023-12-16 15:15:02,925 - MMSA [INFO] - T: >>  Has0_acc_2: 0.6849  Has0_F1_score: 0.6008  Non0_acc_2: 0.6202  Non0_F1_score: 0.4980  Acc_3: 0.5417  F1_score_3: 0.4158 
2023-12-16 15:15:02,935 - MMSA [INFO] - A: >>  Has0_acc_2: 0.3063  Has0_F1_score: 0.1436  Non0_acc_2: 0.0000  Non0_F1_score: 0.0000  Acc_3: 0.3063  F1_score_3: 0.1436 
2023-12-16 15:15:02,945 - MMSA [INFO] - V: >>  Has0_acc_2: 0.6937  Has0_F1_score: 0.5683  Non0_acc_2: 0.6391  Non0_F1_score: 0.4984  Acc_3: 0.5146  F1_score_3: 0.3796 
2023-12-16 15:15:26,419 - MMSA [INFO] - VAL-(mtfn) >> loss: 2.1151 
2023-12-16 15:15:26,429 - MMSA [INFO] - M: >>  Has0_acc_2: 0.6908  Has0_F1_score: 0.6517  Non0_acc_2: 0.5995  Non0_F1_score: 0.5065  Acc_3: 0.5789  F1_score_3: 0.4912 
2023-12-16 15:15:26,429 - MMSA [INFO] - T: >>  Has0_acc_2: 0.6864  Has0_F1_score: 0.6516  Non0_acc_2: 0.5917  Non0_F1_score: 0.5043  Acc_3: 0.5768  F1_score_3: 0.4924 
2023-12-16 15:15:26,439 - MMSA [INFO] - A: >>  Has0_acc_2: 0.3048  Has0_F1_score: 0.1424  Non0_acc_2: 0.0000  Non0_F1_score: 0.0000  Acc_3: 0.3048  F1_score_3: 0.1424 
2023-12-16 15:15:26,439 - MMSA [INFO] - V: >>  Has0_acc_2: 0.6952  Has0_F1_score: 0.5702  Non0_acc_2: 0.6408  Non0_F1_score: 0.5006  Acc_3: 0.5439  F1_score_3: 0.3832 
2023-12-16 15:17:50,184 - MMSA [INFO] - M: >>  Has0_acc_2: 0.6937  Has0_F1_score: 0.6763  Non0_acc_2: 0.5693  Non0_F1_score: 0.5044  Acc_3: 0.5885  F1_score_3: 0.5221 
2023-12-16 15:17:50,194 - MMSA [INFO] - T: >>  Has0_acc_2: 0.6820  Has0_F1_score: 0.6893  Non0_acc_2: 0.5073  Non0_F1_score: 0.5002  Acc_3: 0.6096  F1_score_3: 0.5606 
2023-12-16 15:17:50,194 - MMSA [INFO] - A: >>  Has0_acc_2: 0.3063  Has0_F1_score: 0.1436  Non0_acc_2: 0.0000  Non0_F1_score: 0.0000  Acc_3: 0.3063  F1_score_3: 0.1436 
2023-12-16 15:17:50,204 - MMSA [INFO] - V: >>  Has0_acc_2: 0.6937  Has0_F1_score: 0.5683  Non0_acc_2: 0.6391  Non0_F1_score: 0.4984  Acc_3: 0.5424  F1_score_3: 0.3815 
2023-12-16 15:18:14,368 - MMSA [INFO] - VAL-(mtfn) >> loss: 1.8994 
2023-12-16 15:18:14,368 - MMSA [INFO] - M: >>  Has0_acc_2: 0.7083  Has0_F1_score: 0.6576  Non0_acc_2: 0.6227  Non0_F1_score: 0.5148  Acc_3: 0.5899  F1_score_3: 0.4911 
2023-12-16 15:18:14,378 - MMSA [INFO] - T: >>  Has0_acc_2: 0.6864  Has0_F1_score: 0.6516  Non0_acc_2: 0.5943  Non0_F1_score: 0.5056  Acc_3: 0.5789  F1_score_3: 0.4941 
2023-12-16 15:18:14,378 - MMSA [INFO] - A: >>  Has0_acc_2: 0.3048  Has0_F1_score: 0.1424  Non0_acc_2: 0.0000  Non0_F1_score: 0.0000  Acc_3: 0.3048  F1_score_3: 0.1424 
2023-12-16 15:18:14,388 - MMSA [INFO] - V: >>  Has0_acc_2: 0.6952  Has0_F1_score: 0.5702  Non0_acc_2: 0.6408  Non0_F1_score: 0.5006  Acc_3: 0.5439  F1_score_3: 0.3832 
2023-12-16 15:20:50,522 - MMSA [INFO] - M: >>  Has0_acc_2: 0.7390  Has0_F1_score: 0.7365  Non0_acc_2: 0.5711  Non0_F1_score: 0.5307  Acc_3: 0.6506  F1_score_3: 0.5901 
2023-12-16 15:20:50,532 - MMSA [INFO] - T: >>  Has0_acc_2: 0.7463  Has0_F1_score: 0.7489  Non0_acc_2: 0.5573  Non0_F1_score: 0.5349  Acc_3: 0.6506  F1_score_3: 0.6084 
2023-12-16 15:20:50,542 - MMSA [INFO] - A: >>  Has0_acc_2: 0.3063  Has0_F1_score: 0.1436  Non0_acc_2: 0.0000  Non0_F1_score: 0.0000  Acc_3: 0.3063  F1_score_3: 0.1436 
2023-12-16 15:20:50,542 - MMSA [INFO] - V: >>  Has0_acc_2: 0.6937  Has0_F1_score: 0.5683  Non0_acc_2: 0.6391  Non0_F1_score: 0.4984  Acc_3: 0.5424  F1_score_3: 0.3815 
2023-12-16 15:21:13,956 - MMSA [INFO] - VAL-(mtfn) >> loss: 1.8877 
2023-12-16 15:21:13,956 - MMSA [INFO] - M: >>  Has0_acc_2: 0.6996  Has0_F1_score: 0.6453  Non0_acc_2: 0.6098  Non0_F1_score: 0.5058  Acc_3: 0.5724  F1_score_3: 0.4728 
2023-12-16 15:21:13,966 - MMSA [INFO] - T: >>  Has0_acc_2: 0.7281  Has0_F1_score: 0.7160  Non0_acc_2: 0.5840  Non0_F1_score: 0.5238  Acc_3: 0.6272  F1_score_3: 0.5603 
2023-12-16 15:21:13,966 - MMSA [INFO] - A: >>  Has0_acc_2: 0.3048  Has0_F1_score: 0.1424  Non0_acc_2: 0.0000  Non0_F1_score: 0.0000  Acc_3: 0.3048  F1_score_3: 0.1424 
2023-12-16 15:21:13,976 - MMSA [INFO] - V: >>  Has0_acc_2: 0.6952  Has0_F1_score: 0.5702  Non0_acc_2: 0.6408  Non0_F1_score: 0.5006  Acc_3: 0.5439  F1_score_3: 0.3832 
2023-12-16 15:23:42,984 - MMSA [INFO] - M: >>  Has0_acc_2: 0.7434  Has0_F1_score: 0.7402  Non0_acc_2: 0.5693  Non0_F1_score: 0.5294  Acc_3: 0.6469  F1_score_3: 0.5871 
2023-12-16 15:23:42,994 - MMSA [INFO] - T: >>  Has0_acc_2: 0.7368  Has0_F1_score: 0.7390  Non0_acc_2: 0.5512  Non0_F1_score: 0.5281  Acc_3: 0.6520  F1_score_3: 0.5956 
2023-12-16 15:23:43,004 - MMSA [INFO] - A: >>  Has0_acc_2: 0.3063  Has0_F1_score: 0.1436  Non0_acc_2: 0.0000  Non0_F1_score: 0.0000  Acc_3: 0.3063  F1_score_3: 0.1436 
2023-12-16 15:23:43,004 - MMSA [INFO] - V: >>  Has0_acc_2: 0.6937  Has0_F1_score: 0.5683  Non0_acc_2: 0.6391  Non0_F1_score: 0.4984  Acc_3: 0.5424  F1_score_3: 0.3815 
2023-12-16 15:24:06,570 - MMSA [INFO] - VAL-(mtfn) >> loss: 1.8809 
2023-12-16 15:24:06,570 - MMSA [INFO] - M: >>  Has0_acc_2: 0.7149  Has0_F1_score: 0.7058  Non0_acc_2: 0.5633  Non0_F1_score: 0.5136  Acc_3: 0.6118  F1_score_3: 0.5488 
2023-12-16 15:24:06,580 - MMSA [INFO] - T: >>  Has0_acc_2: 0.6886  Has0_F1_score: 0.6944  Non0_acc_2: 0.5116  Non0_F1_score: 0.5015  Acc_3: 0.6075  F1_score_3: 0.5572 
2023-12-16 15:24:06,580 - MMSA [INFO] - A: >>  Has0_acc_2: 0.3048  Has0_F1_score: 0.1424  Non0_acc_2: 0.0000  Non0_F1_score: 0.0000  Acc_3: 0.3048  F1_score_3: 0.1424 
2023-12-16 15:24:06,590 - MMSA [INFO] - V: >>  Has0_acc_2: 0.6952  Has0_F1_score: 0.5702  Non0_acc_2: 0.6408  Non0_F1_score: 0.5006  Acc_3: 0.5439  F1_score_3: 0.3832 
2023-12-16 15:26:30,232 - MMSA [INFO] - M: >>  Has0_acc_2: 0.7639  Has0_F1_score: 0.7647  Non0_acc_2: 0.5702  Non0_F1_score: 0.5424  Acc_3: 0.6762  F1_score_3: 0.6172 
2023-12-16 15:26:30,243 - MMSA [INFO] - T: >>  Has0_acc_2: 0.7522  Has0_F1_score: 0.7568  Non0_acc_2: 0.5547  Non0_F1_score: 0.5408  Acc_3: 0.6754  F1_score_3: 0.6315 
2023-12-16 15:26:30,253 - MMSA [INFO] - A: >>  Has0_acc_2: 0.3063  Has0_F1_score: 0.1436  Non0_acc_2: 0.0000  Non0_F1_score: 0.0000  Acc_3: 0.3063  F1_score_3: 0.1436 
2023-12-16 15:26:30,253 - MMSA [INFO] - V: >>  Has0_acc_2: 0.6937  Has0_F1_score: 0.5683  Non0_acc_2: 0.6391  Non0_F1_score: 0.4984  Acc_3: 0.5424  F1_score_3: 0.3815 
2023-12-16 15:26:53,796 - MMSA [INFO] - VAL-(mtfn) >> loss: 1.9373 
2023-12-16 15:26:53,806 - MMSA [INFO] - M: >>  Has0_acc_2: 0.5746  Has0_F1_score: 0.5851  Non0_acc_2: 0.3488  Non0_F1_score: 0.4230  Acc_3: 0.5439  F1_score_3: 0.5112 
2023-12-16 15:26:53,806 - MMSA [INFO] - T: >>  Has0_acc_2: 0.5570  Has0_F1_score: 0.5655  Non0_acc_2: 0.3307  Non0_F1_score: 0.4091  Acc_3: 0.5219  F1_score_3: 0.5198 
2023-12-16 15:26:53,816 - MMSA [INFO] - A: >>  Has0_acc_2: 0.3048  Has0_F1_score: 0.1424  Non0_acc_2: 0.0000  Non0_F1_score: 0.0000  Acc_3: 0.3048  F1_score_3: 0.1424 
2023-12-16 15:26:53,816 - MMSA [INFO] - V: >>  Has0_acc_2: 0.6952  Has0_F1_score: 0.5702  Non0_acc_2: 0.6408  Non0_F1_score: 0.5006  Acc_3: 0.5439  F1_score_3: 0.3832 
2023-12-16 15:29:16,966 - MMSA [INFO] - M: >>  Has0_acc_2: 0.7602  Has0_F1_score: 0.7626  Non0_acc_2: 0.5624  Non0_F1_score: 0.5409  Acc_3: 0.6754  F1_score_3: 0.6178 
2023-12-16 15:29:16,976 - MMSA [INFO] - T: >>  Has0_acc_2: 0.7727  Has0_F1_score: 0.7763  Non0_acc_2: 0.5581  Non0_F1_score: 0.5456  Acc_3: 0.6711  F1_score_3: 0.6408 
2023-12-16 15:29:16,976 - MMSA [INFO] - A: >>  Has0_acc_2: 0.3063  Has0_F1_score: 0.1436  Non0_acc_2: 0.0000  Non0_F1_score: 0.0000  Acc_3: 0.3063  F1_score_3: 0.1436 
2023-12-16 15:29:16,986 - MMSA [INFO] - V: >>  Has0_acc_2: 0.6937  Has0_F1_score: 0.5683  Non0_acc_2: 0.6391  Non0_F1_score: 0.4984  Acc_3: 0.5424  F1_score_3: 0.3815 
2023-12-16 15:29:40,502 - MMSA [INFO] - VAL-(mtfn) >> loss: 1.8744 
2023-12-16 15:29:40,502 - MMSA [INFO] - M: >>  Has0_acc_2: 0.7281  Has0_F1_score: 0.7251  Non0_acc_2: 0.5633  Non0_F1_score: 0.5242  Acc_3: 0.6360  F1_score_3: 0.5762 
2023-12-16 15:29:40,512 - MMSA [INFO] - T: >>  Has0_acc_2: 0.7039  Has0_F1_score: 0.7097  Non0_acc_2: 0.5245  Non0_F1_score: 0.5132  Acc_3: 0.6162  F1_score_3: 0.5841 
2023-12-16 15:29:40,512 - MMSA [INFO] - A: >>  Has0_acc_2: 0.3048  Has0_F1_score: 0.1424  Non0_acc_2: 0.0000  Non0_F1_score: 0.0000  Acc_3: 0.3048  F1_score_3: 0.1424 
2023-12-16 15:29:40,522 - MMSA [INFO] - V: >>  Has0_acc_2: 0.6952  Has0_F1_score: 0.5702  Non0_acc_2: 0.6408  Non0_F1_score: 0.5006  Acc_3: 0.5439  F1_score_3: 0.3832 
2023-12-16 15:32:04,364 - MMSA [INFO] - M: >>  Has0_acc_2: 0.7778  Has0_F1_score: 0.7762  Non0_acc_2: 0.5814  Non0_F1_score: 0.5464  Acc_3: 0.6769  F1_score_3: 0.6192 
2023-12-16 15:32:04,364 - MMSA [INFO] - T: >>  Has0_acc_2: 0.7690  Has0_F1_score: 0.7735  Non0_acc_2: 0.5556  Non0_F1_score: 0.5460  Acc_3: 0.6806  F1_score_3: 0.6808 
2023-12-16 15:32:04,374 - MMSA [INFO] - A: >>  Has0_acc_2: 0.3063  Has0_F1_score: 0.1436  Non0_acc_2: 0.0000  Non0_F1_score: 0.0000  Acc_3: 0.3063  F1_score_3: 0.1436 
2023-12-16 15:32:04,374 - MMSA [INFO] - V: >>  Has0_acc_2: 0.6944  Has0_F1_score: 0.5700  Non0_acc_2: 0.6391  Non0_F1_score: 0.4986  Acc_3: 0.5431  F1_score_3: 0.3831 
2023-12-16 15:32:27,852 - MMSA [INFO] - VAL-(mtfn) >> loss: 1.8937 
2023-12-16 15:32:27,852 - MMSA [INFO] - M: >>  Has0_acc_2: 0.6623  Has0_F1_score: 0.6752  Non0_acc_2: 0.4625  Non0_F1_score: 0.4881  Acc_3: 0.6031  F1_score_3: 0.5609 
2023-12-16 15:32:27,862 - MMSA [INFO] - T: >>  Has0_acc_2: 0.7083  Has0_F1_score: 0.7151  Non0_acc_2: 0.5271  Non0_F1_score: 0.5188  Acc_3: 0.6316  F1_score_3: 0.5975 
2023-12-16 15:32:27,862 - MMSA [INFO] - A: >>  Has0_acc_2: 0.3048  Has0_F1_score: 0.1424  Non0_acc_2: 0.0000  Non0_F1_score: 0.0000  Acc_3: 0.3048  F1_score_3: 0.1424 
2023-12-16 15:32:27,872 - MMSA [INFO] - V: >>  Has0_acc_2: 0.6952  Has0_F1_score: 0.5702  Non0_acc_2: 0.6408  Non0_F1_score: 0.5006  Acc_3: 0.5439  F1_score_3: 0.3832 
2023-12-16 15:34:52,584 - MMSA [INFO] - M: >>  Has0_acc_2: 0.7712  Has0_F1_score: 0.7745  Non0_acc_2: 0.5650  Non0_F1_score: 0.5480  Acc_3: 0.6849  F1_score_3: 0.6301 
2023-12-16 15:34:52,594 - MMSA [INFO] - T: >>  Has0_acc_2: 0.7749  Has0_F1_score: 0.7752  Non0_acc_2: 0.5736  Non0_F1_score: 0.5457  Acc_3: 0.6725  F1_score_3: 0.6656 
2023-12-16 15:34:52,594 - MMSA [INFO] - A: >>  Has0_acc_2: 0.3063  Has0_F1_score: 0.1436  Non0_acc_2: 0.0000  Non0_F1_score: 0.0000  Acc_3: 0.3063  F1_score_3: 0.1436 
2023-12-16 15:34:52,604 - MMSA [INFO] - V: >>  Has0_acc_2: 0.6937  Has0_F1_score: 0.5683  Non0_acc_2: 0.6391  Non0_F1_score: 0.4984  Acc_3: 0.5424  F1_score_3: 0.3815 
2023-12-16 15:35:16,068 - MMSA [INFO] - VAL-(mtfn) >> loss: 1.9497 
2023-12-16 15:35:16,068 - MMSA [INFO] - M: >>  Has0_acc_2: 0.6075  Has0_F1_score: 0.6224  Non0_acc_2: 0.4031  Non0_F1_score: 0.4523  Acc_3: 0.5636  F1_score_3: 0.5289 
2023-12-16 15:35:16,078 - MMSA [INFO] - T: >>  Has0_acc_2: 0.6711  Has0_F1_score: 0.6825  Non0_acc_2: 0.4780  Non0_F1_score: 0.4929  Acc_3: 0.5132  F1_score_3: 0.5398 
2023-12-16 15:35:16,078 - MMSA [INFO] - A: >>  Has0_acc_2: 0.3048  Has0_F1_score: 0.1424  Non0_acc_2: 0.0000  Non0_F1_score: 0.0000  Acc_3: 0.3048  F1_score_3: 0.1424 
2023-12-16 15:35:16,088 - MMSA [INFO] - V: >>  Has0_acc_2: 0.6952  Has0_F1_score: 0.5702  Non0_acc_2: 0.6408  Non0_F1_score: 0.5006  Acc_3: 0.5439  F1_score_3: 0.3832 
2023-12-16 15:37:40,779 - MMSA [INFO] - M: >>  Has0_acc_2: 0.7690  Has0_F1_score: 0.7735  Non0_acc_2: 0.5599  Non0_F1_score: 0.5484  Acc_3: 0.6915  F1_score_3: 0.6384 
2023-12-16 15:37:40,789 - MMSA [INFO] - T: >>  Has0_acc_2: 0.7895  Has0_F1_score: 0.7913  Non0_acc_2: 0.5754  Non0_F1_score: 0.5544  Acc_3: 0.6615  F1_score_3: 0.6682 
2023-12-16 15:37:40,799 - MMSA [INFO] - A: >>  Has0_acc_2: 0.3063  Has0_F1_score: 0.1436  Non0_acc_2: 0.0000  Non0_F1_score: 0.0000  Acc_3: 0.3063  F1_score_3: 0.1436 
2023-12-16 15:37:40,799 - MMSA [INFO] - V: >>  Has0_acc_2: 0.6937  Has0_F1_score: 0.5683  Non0_acc_2: 0.6391  Non0_F1_score: 0.4984  Acc_3: 0.5424  F1_score_3: 0.3815 
2023-12-16 15:38:04,260 - MMSA [INFO] - VAL-(mtfn) >> loss: 1.9044 
2023-12-16 15:38:04,260 - MMSA [INFO] - M: >>  Has0_acc_2: 0.6404  Has0_F1_score: 0.6541  Non0_acc_2: 0.4522  Non0_F1_score: 0.4762  Acc_3: 0.5833  F1_score_3: 0.5433 
2023-12-16 15:38:04,270 - MMSA [INFO] - T: >>  Has0_acc_2: 0.6360  Has0_F1_score: 0.6502  Non0_acc_2: 0.4212  Non0_F1_score: 0.4684  Acc_3: 0.5504  F1_score_3: 0.5740 
2023-12-16 15:38:04,275 - MMSA [INFO] - A: >>  Has0_acc_2: 0.3048  Has0_F1_score: 0.1424  Non0_acc_2: 0.0000  Non0_F1_score: 0.0000  Acc_3: 0.3048  F1_score_3: 0.1424 
2023-12-16 15:38:04,280 - MMSA [INFO] - V: >>  Has0_acc_2: 0.6952  Has0_F1_score: 0.5702  Non0_acc_2: 0.6408  Non0_F1_score: 0.5006  Acc_3: 0.5439  F1_score_3: 0.3832 
2023-12-16 15:40:29,060 - MMSA [INFO] - M: >>  Has0_acc_2: 0.7931  Has0_F1_score: 0.7936  Non0_acc_2: 0.5780  Non0_F1_score: 0.5530  Acc_3: 0.6966  F1_score_3: 0.6407 
2023-12-16 15:40:29,070 - MMSA [INFO] - T: >>  Has0_acc_2: 0.7865  Has0_F1_score: 0.7913  Non0_acc_2: 0.5642  Non0_F1_score: 0.5578  Acc_3: 0.6806  F1_score_3: 0.6819 
2023-12-16 15:40:29,070 - MMSA [INFO] - A: >>  Has0_acc_2: 0.3063  Has0_F1_score: 0.1436  Non0_acc_2: 0.0000  Non0_F1_score: 0.0000  Acc_3: 0.3063  F1_score_3: 0.1436 
2023-12-16 15:40:29,080 - MMSA [INFO] - V: >>  Has0_acc_2: 0.6937  Has0_F1_score: 0.5683  Non0_acc_2: 0.6391  Non0_F1_score: 0.4984  Acc_3: 0.5424  F1_score_3: 0.3815 
2023-12-16 15:40:52,607 - MMSA [INFO] - VAL-(mtfn) >> loss: 1.9517 
2023-12-16 15:40:52,607 - MMSA [INFO] - M: >>  Has0_acc_2: 0.7478  Has0_F1_score: 0.7476  Non0_acc_2: 0.5478  Non0_F1_score: 0.5245  Acc_3: 0.6425  F1_score_3: 0.5857 
2023-12-16 15:40:52,617 - MMSA [INFO] - T: >>  Has0_acc_2: 0.7061  Has0_F1_score: 0.7155  Non0_acc_2: 0.4935  Non0_F1_score: 0.5068  Acc_3: 0.5417  F1_score_3: 0.5697 
2023-12-16 15:40:52,617 - MMSA [INFO] - A: >>  Has0_acc_2: 0.3048  Has0_F1_score: 0.1424  Non0_acc_2: 0.0000  Non0_F1_score: 0.0000  Acc_3: 0.3048  F1_score_3: 0.1424 
2023-12-16 15:40:52,627 - MMSA [INFO] - V: >>  Has0_acc_2: 0.6952  Has0_F1_score: 0.5702  Non0_acc_2: 0.6408  Non0_F1_score: 0.5006  Acc_3: 0.5439  F1_score_3: 0.3832 
2023-12-16 15:43:17,453 - MMSA [INFO] - M: >>  Has0_acc_2: 0.7851  Has0_F1_score: 0.7887  Non0_acc_2: 0.5624  Non0_F1_score: 0.5517  Acc_3: 0.6952  F1_score_3: 0.6417 
2023-12-16 15:43:17,463 - MMSA [INFO] - T: >>  Has0_acc_2: 0.7668  Has0_F1_score: 0.7736  Non0_acc_2: 0.5444  Non0_F1_score: 0.5484  Acc_3: 0.6959  F1_score_3: 0.7030 
2023-12-16 15:43:17,463 - MMSA [INFO] - A: >>  Has0_acc_2: 0.3063  Has0_F1_score: 0.1436  Non0_acc_2: 0.0000  Non0_F1_score: 0.0000  Acc_3: 0.3063  F1_score_3: 0.1436 
2023-12-16 15:43:17,473 - MMSA [INFO] - V: >>  Has0_acc_2: 0.6937  Has0_F1_score: 0.5683  Non0_acc_2: 0.6391  Non0_F1_score: 0.4984  Acc_3: 0.5424  F1_score_3: 0.3815 
2023-12-16 15:43:40,915 - MMSA [INFO] - VAL-(mtfn) >> loss: 2.0366 
2023-12-16 15:43:40,915 - MMSA [INFO] - M: >>  Has0_acc_2: 0.7149  Has0_F1_score: 0.6401  Non0_acc_2: 0.6227  Non0_F1_score: 0.5064  Acc_3: 0.5680  F1_score_3: 0.4533 
2023-12-16 15:43:40,925 - MMSA [INFO] - T: >>  Has0_acc_2: 0.6842  Has0_F1_score: 0.6692  Non0_acc_2: 0.5504  Non0_F1_score: 0.4954  Acc_3: 0.5307  F1_score_3: 0.4876 
2023-12-16 15:43:40,932 - MMSA [INFO] - A: >>  Has0_acc_2: 0.3048  Has0_F1_score: 0.1424  Non0_acc_2: 0.0000  Non0_F1_score: 0.0000  Acc_3: 0.3048  F1_score_3: 0.1424 
2023-12-16 15:43:40,935 - MMSA [INFO] - V: >>  Has0_acc_2: 0.6952  Has0_F1_score: 0.5702  Non0_acc_2: 0.6408  Non0_F1_score: 0.5006  Acc_3: 0.5439  F1_score_3: 0.3832 
2023-12-16 15:46:05,994 - MMSA [INFO] - M: >>  Has0_acc_2: 0.7931  Has0_F1_score: 0.7969  Non0_acc_2: 0.5797  Non0_F1_score: 0.5645  Acc_3: 0.7230  F1_score_3: 0.6743 
2023-12-16 15:46:05,994 - MMSA [INFO] - T: >>  Has0_acc_2: 0.7865  Has0_F1_score: 0.7915  Non0_acc_2: 0.5719  Non0_F1_score: 0.5628  Acc_3: 0.6996  F1_score_3: 0.6991 
2023-12-16 15:46:06,004 - MMSA [INFO] - A: >>  Has0_acc_2: 0.3063  Has0_F1_score: 0.1436  Non0_acc_2: 0.0000  Non0_F1_score: 0.0000  Acc_3: 0.3063  F1_score_3: 0.1436 
2023-12-16 15:46:06,014 - MMSA [INFO] - V: >>  Has0_acc_2: 0.6937  Has0_F1_score: 0.5683  Non0_acc_2: 0.6391  Non0_F1_score: 0.4984  Acc_3: 0.5424  F1_score_3: 0.3815 
2023-12-16 15:46:29,447 - MMSA [INFO] - VAL-(mtfn) >> loss: 1.9296 
2023-12-16 15:46:29,457 - MMSA [INFO] - M: >>  Has0_acc_2: 0.7193  Has0_F1_score: 0.7214  Non0_acc_2: 0.5401  Non0_F1_score: 0.5181  Acc_3: 0.6316  F1_score_3: 0.5765 
2023-12-16 15:46:29,457 - MMSA [INFO] - T: >>  Has0_acc_2: 0.7303  Has0_F1_score: 0.7270  Non0_acc_2: 0.5556  Non0_F1_score: 0.5199  Acc_3: 0.6053  F1_score_3: 0.5962 
2023-12-16 15:46:29,467 - MMSA [INFO] - A: >>  Has0_acc_2: 0.3048  Has0_F1_score: 0.1424  Non0_acc_2: 0.0000  Non0_F1_score: 0.0000  Acc_3: 0.3048  F1_score_3: 0.1424 
2023-12-16 15:46:29,467 - MMSA [INFO] - V: >>  Has0_acc_2: 0.6952  Has0_F1_score: 0.5702  Non0_acc_2: 0.6408  Non0_F1_score: 0.5006  Acc_3: 0.5439  F1_score_3: 0.3832 
2023-12-16 15:48:55,067 - MMSA [INFO] - M: >>  Has0_acc_2: 0.8056  Has0_F1_score: 0.8101  Non0_acc_2: 0.5719  Non0_F1_score: 0.5677  Acc_3: 0.7273  F1_score_3: 0.6720 
2023-12-16 15:48:55,077 - MMSA [INFO] - T: >>  Has0_acc_2: 0.7844  Has0_F1_score: 0.7894  Non0_acc_2: 0.5702  Non0_F1_score: 0.5615  Acc_3: 0.6930  F1_score_3: 0.7017 
2023-12-16 15:48:55,087 - MMSA [INFO] - A: >>  Has0_acc_2: 0.3063  Has0_F1_score: 0.1436  Non0_acc_2: 0.0000  Non0_F1_score: 0.0000  Acc_3: 0.3063  F1_score_3: 0.1436 
2023-12-16 15:48:55,087 - MMSA [INFO] - V: >>  Has0_acc_2: 0.6937  Has0_F1_score: 0.5683  Non0_acc_2: 0.6391  Non0_F1_score: 0.4984  Acc_3: 0.5424  F1_score_3: 0.3815 
2023-12-16 15:49:18,468 - MMSA [INFO] - VAL-(mtfn) >> loss: 1.9271 
2023-12-16 15:49:18,478 - MMSA [INFO] - M: >>  Has0_acc_2: 0.6250  Has0_F1_score: 0.6396  Non0_acc_2: 0.4109  Non0_F1_score: 0.4590  Acc_3: 0.5724  F1_score_3: 0.5354 
2023-12-16 15:49:18,486 - MMSA [INFO] - T: >>  Has0_acc_2: 0.6140  Has0_F1_score: 0.6290  Non0_acc_2: 0.4057  Non0_F1_score: 0.4532  Acc_3: 0.5066  F1_score_3: 0.5397 
2023-12-16 15:49:18,488 - MMSA [INFO] - A: >>  Has0_acc_2: 0.3048  Has0_F1_score: 0.1424  Non0_acc_2: 0.0000  Non0_F1_score: 0.0000  Acc_3: 0.3048  F1_score_3: 0.1424 
2023-12-16 15:49:18,488 - MMSA [INFO] - V: >>  Has0_acc_2: 0.6952  Has0_F1_score: 0.5702  Non0_acc_2: 0.6408  Non0_F1_score: 0.5006  Acc_3: 0.5439  F1_score_3: 0.3832 
2023-12-16 15:51:42,598 - MMSA [INFO] - M: >>  Has0_acc_2: 0.8026  Has0_F1_score: 0.8078  Non0_acc_2: 0.5719  Non0_F1_score: 0.5700  Acc_3: 0.7325  F1_score_3: 0.6821 
2023-12-16 15:51:42,598 - MMSA [INFO] - T: >>  Has0_acc_2: 0.8121  Has0_F1_score: 0.8149  Non0_acc_2: 0.5840  Non0_F1_score: 0.5690  Acc_3: 0.7105  F1_score_3: 0.7175 
2023-12-16 15:51:42,608 - MMSA [INFO] - A: >>  Has0_acc_2: 0.3063  Has0_F1_score: 0.1436  Non0_acc_2: 0.0000  Non0_F1_score: 0.0000  Acc_3: 0.3063  F1_score_3: 0.1436 
2023-12-16 15:51:42,618 - MMSA [INFO] - V: >>  Has0_acc_2: 0.6937  Has0_F1_score: 0.5683  Non0_acc_2: 0.6391  Non0_F1_score: 0.4984  Acc_3: 0.5424  F1_score_3: 0.3815 
2023-12-16 15:52:06,393 - MMSA [INFO] - VAL-(mtfn) >> loss: 1.8956 
2023-12-16 15:52:06,393 - MMSA [INFO] - M: >>  Has0_acc_2: 0.6294  Has0_F1_score: 0.6429  Non0_acc_2: 0.3979  Non0_F1_score: 0.4579  Acc_3: 0.5789  F1_score_3: 0.5461 
2023-12-16 15:52:06,403 - MMSA [INFO] - T: >>  Has0_acc_2: 0.6075  Has0_F1_score: 0.6207  Non0_acc_2: 0.3824  Non0_F1_score: 0.4463  Acc_3: 0.5132  F1_score_3: 0.5464 
2023-12-16 15:52:06,403 - MMSA [INFO] - A: >>  Has0_acc_2: 0.3048  Has0_F1_score: 0.1424  Non0_acc_2: 0.0000  Non0_F1_score: 0.0000  Acc_3: 0.3048  F1_score_3: 0.1424 
2023-12-16 15:52:06,413 - MMSA [INFO] - V: >>  Has0_acc_2: 0.6952  Has0_F1_score: 0.5702  Non0_acc_2: 0.6408  Non0_F1_score: 0.5006  Acc_3: 0.5439  F1_score_3: 0.3832 
2023-12-16 15:52:30,349 - MMSA [INFO] - TEST-(mtfn) >> loss: 1.8550 
2023-12-16 15:52:30,349 - MMSA [INFO] - M: >>  Has0_acc_2: 0.7768  Has0_F1_score: 0.7739  Non0_acc_2: 0.5722  Non0_F1_score: 0.5385  Acc_3: 0.6674  F1_score_3: 0.6073 
2023-12-16 15:52:30,359 - MMSA [INFO] - T: >>  Has0_acc_2: 0.7549  Has0_F1_score: 0.7587  Non0_acc_2: 0.5464  Non0_F1_score: 0.5345  Acc_3: 0.6674  F1_score_3: 0.6242 
2023-12-16 15:52:30,359 - MMSA [INFO] - A: >>  Has0_acc_2: 0.3063  Has0_F1_score: 0.1437  Non0_acc_2: 0.0000  Non0_F1_score: 0.0000  Acc_3: 0.3063  F1_score_3: 0.1437 
2023-12-16 15:52:30,369 - MMSA [INFO] - V: >>  Has0_acc_2: 0.6937  Has0_F1_score: 0.5682  Non0_acc_2: 0.6392  Non0_F1_score: 0.4985  Acc_3: 0.5427  F1_score_3: 0.3818 
2023-12-16 15:52:31,487 - MMSA [INFO] - Result for seed 1111: {'Has0_acc_2': 0.7768, 'Has0_F1_score': 0.7739, 'Non0_acc_2': 0.5722, 'Non0_F1_score': 0.5385, 'Acc_3': 0.6674, 'F1_score_3': 0.6073, 'Loss': 1.855}
2023-12-16 15:52:31,487 - MMSA [INFO] - ------------------------------ Running with seed 1112 [2/5] ------------------------------
2023-12-16 15:52:31,976 - MMSA [INFO] - train samples: (1368,)
2023-12-16 15:52:32,568 - MMSA [INFO] - valid samples: (456,)
2023-12-16 15:52:33,109 - MMSA [INFO] - test samples: (457,)
2023-12-16 15:52:33,760 - MMSA [INFO] - The model has 140957476 trainable parameters
2023-12-16 15:54:55,831 - MMSA [INFO] - M: >>  Has0_acc_2: 0.6915  Has0_F1_score: 0.6548  Non0_acc_2: 0.5900  Non0_F1_score: 0.5020  Acc_3: 0.5621  F1_score_3: 0.4979 
2023-12-16 15:54:55,831 - MMSA [INFO] - T: >>  Has0_acc_2: 0.6696  Has0_F1_score: 0.6548  Non0_acc_2: 0.5495  Non0_F1_score: 0.4919  Acc_3: 0.5629  F1_score_3: 0.5105 
2023-12-16 15:54:55,843 - MMSA [INFO] - A: >>  Has0_acc_2: 0.3063  Has0_F1_score: 0.1436  Non0_acc_2: 0.0000  Non0_F1_score: 0.0000  Acc_3: 0.3063  F1_score_3: 0.1436 
2023-12-16 15:54:55,851 - MMSA [INFO] - V: >>  Has0_acc_2: 0.6937  Has0_F1_score: 0.5683  Non0_acc_2: 0.6391  Non0_F1_score: 0.4984  Acc_3: 0.5424  F1_score_3: 0.3815 
2023-12-16 15:55:19,423 - MMSA [INFO] - VAL-(mtfn) >> loss: 1.9045 
2023-12-16 15:55:19,423 - MMSA [INFO] - M: >>  Has0_acc_2: 0.6360  Has0_F1_score: 0.6494  Non0_acc_2: 0.4419  Non0_F1_score: 0.4653  Acc_3: 0.5658  F1_score_3: 0.5258 
2023-12-16 15:55:19,433 - MMSA [INFO] - T: >>  Has0_acc_2: 0.6469  Has0_F1_score: 0.6591  Non0_acc_2: 0.4574  Non0_F1_score: 0.4736  Acc_3: 0.5746  F1_score_3: 0.5326 
2023-12-16 15:55:19,433 - MMSA [INFO] - A: >>  Has0_acc_2: 0.3048  Has0_F1_score: 0.1424  Non0_acc_2: 0.0000  Non0_F1_score: 0.0000  Acc_3: 0.3048  F1_score_3: 0.1424 
2023-12-16 15:55:19,443 - MMSA [INFO] - V: >>  Has0_acc_2: 0.6952  Has0_F1_score: 0.5702  Non0_acc_2: 0.6408  Non0_F1_score: 0.5006  Acc_3: 0.5439  F1_score_3: 0.3832 
2023-12-16 15:57:42,622 - MMSA [INFO] - M: >>  Has0_acc_2: 0.7142  Has0_F1_score: 0.7181  Non0_acc_2: 0.5392  Non0_F1_score: 0.5196  Acc_3: 0.6382  F1_score_3: 0.5840 
2023-12-16 15:57:42,632 - MMSA [INFO] - T: >>  Has0_acc_2: 0.7091  Has0_F1_score: 0.7157  Non0_acc_2: 0.5254  Non0_F1_score: 0.5170  Acc_3: 0.6287  F1_score_3: 0.5912 
2023-12-16 15:57:42,642 - MMSA [INFO] - A: >>  Has0_acc_2: 0.3063  Has0_F1_score: 0.1436  Non0_acc_2: 0.0000  Non0_F1_score: 0.0000  Acc_3: 0.3063  F1_score_3: 0.1436 
2023-12-16 15:57:42,642 - MMSA [INFO] - V: >>  Has0_acc_2: 0.6937  Has0_F1_score: 0.5683  Non0_acc_2: 0.6391  Non0_F1_score: 0.4984  Acc_3: 0.5424  F1_score_3: 0.3815 
2023-12-16 15:58:06,162 - MMSA [INFO] - VAL-(mtfn) >> loss: 1.8615 
2023-12-16 15:58:06,172 - MMSA [INFO] - M: >>  Has0_acc_2: 0.7171  Has0_F1_score: 0.7156  Non0_acc_2: 0.5556  Non0_F1_score: 0.5199  Acc_3: 0.6294  F1_score_3: 0.5711 
2023-12-16 15:58:06,172 - MMSA [INFO] - T: >>  Has0_acc_2: 0.7171  Has0_F1_score: 0.7190  Non0_acc_2: 0.5478  Non0_F1_score: 0.5215  Acc_3: 0.6360  F1_score_3: 0.5801 
2023-12-16 15:58:06,182 - MMSA [INFO] - A: >>  Has0_acc_2: 0.3048  Has0_F1_score: 0.1424  Non0_acc_2: 0.0000  Non0_F1_score: 0.0000  Acc_3: 0.3048  F1_score_3: 0.1424 
2023-12-16 15:58:06,182 - MMSA [INFO] - V: >>  Has0_acc_2: 0.6952  Has0_F1_score: 0.5702  Non0_acc_2: 0.6408  Non0_F1_score: 0.5006  Acc_3: 0.5439  F1_score_3: 0.3832 
2023-12-16 16:00:29,682 - MMSA [INFO] - M: >>  Has0_acc_2: 0.7485  Has0_F1_score: 0.7531  Non0_acc_2: 0.5504  Non0_F1_score: 0.5370  Acc_3: 0.6740  F1_score_3: 0.6270 
2023-12-16 16:00:29,692 - MMSA [INFO] - T: >>  Has0_acc_2: 0.7434  Has0_F1_score: 0.7500  Non0_acc_2: 0.5426  Non0_F1_score: 0.5379  Acc_3: 0.6776  F1_score_3: 0.6487 
2023-12-16 16:00:29,692 - MMSA [INFO] - A: >>  Has0_acc_2: 0.3063  Has0_F1_score: 0.1436  Non0_acc_2: 0.0000  Non0_F1_score: 0.0000  Acc_3: 0.3063  F1_score_3: 0.1436 
2023-12-16 16:00:29,702 - MMSA [INFO] - V: >>  Has0_acc_2: 0.6937  Has0_F1_score: 0.5683  Non0_acc_2: 0.6391  Non0_F1_score: 0.4984  Acc_3: 0.5424  F1_score_3: 0.3815 
2023-12-16 16:00:53,305 - MMSA [INFO] - VAL-(mtfn) >> loss: 1.8476 
2023-12-16 16:00:53,315 - MMSA [INFO] - M: >>  Has0_acc_2: 0.6996  Has0_F1_score: 0.7073  Non0_acc_2: 0.5116  Non0_F1_score: 0.5096  Acc_3: 0.6250  F1_score_3: 0.5896 
2023-12-16 16:00:53,315 - MMSA [INFO] - T: >>  Has0_acc_2: 0.6842  Has0_F1_score: 0.6952  Non0_acc_2: 0.4884  Non0_F1_score: 0.5026  Acc_3: 0.6140  F1_score_3: 0.6091 
2023-12-16 16:00:53,325 - MMSA [INFO] - A: >>  Has0_acc_2: 0.3048  Has0_F1_score: 0.1424  Non0_acc_2: 0.0000  Non0_F1_score: 0.0000  Acc_3: 0.3048  F1_score_3: 0.1424 
2023-12-16 16:00:53,325 - MMSA [INFO] - V: >>  Has0_acc_2: 0.6952  Has0_F1_score: 0.5702  Non0_acc_2: 0.6408  Non0_F1_score: 0.5006  Acc_3: 0.5439  F1_score_3: 0.3832 
2023-12-16 16:03:18,070 - MMSA [INFO] - M: >>  Has0_acc_2: 0.7602  Has0_F1_score: 0.7656  Non0_acc_2: 0.5521  Non0_F1_score: 0.5444  Acc_3: 0.6820  F1_score_3: 0.6551 
2023-12-16 16:03:18,080 - MMSA [INFO] - T: >>  Has0_acc_2: 0.7734  Has0_F1_score: 0.7777  Non0_acc_2: 0.5495  Non0_F1_score: 0.5433  Acc_3: 0.6791  F1_score_3: 0.6731 
2023-12-16 16:03:18,091 - MMSA [INFO] - A: >>  Has0_acc_2: 0.3063  Has0_F1_score: 0.1436  Non0_acc_2: 0.0000  Non0_F1_score: 0.0000  Acc_3: 0.3063  F1_score_3: 0.1436 
2023-12-16 16:03:18,091 - MMSA [INFO] - V: >>  Has0_acc_2: 0.6937  Has0_F1_score: 0.5683  Non0_acc_2: 0.6391  Non0_F1_score: 0.4984  Acc_3: 0.5424  F1_score_3: 0.3815 
2023-12-16 16:03:41,751 - MMSA [INFO] - VAL-(mtfn) >> loss: 1.8607 
2023-12-16 16:03:41,761 - MMSA [INFO] - M: >>  Has0_acc_2: 0.7149  Has0_F1_score: 0.7198  Non0_acc_2: 0.5323  Non0_F1_score: 0.5187  Acc_3: 0.6360  F1_score_3: 0.5866 
2023-12-16 16:03:41,761 - MMSA [INFO] - T: >>  Has0_acc_2: 0.7018  Has0_F1_score: 0.7105  Non0_acc_2: 0.5065  Non0_F1_score: 0.5106  Acc_3: 0.6250  F1_score_3: 0.5963 
2023-12-16 16:03:41,771 - MMSA [INFO] - A: >>  Has0_acc_2: 0.3048  Has0_F1_score: 0.1424  Non0_acc_2: 0.0000  Non0_F1_score: 0.0000  Acc_3: 0.3048  F1_score_3: 0.1424 
2023-12-16 16:03:41,777 - MMSA [INFO] - V: >>  Has0_acc_2: 0.6952  Has0_F1_score: 0.5702  Non0_acc_2: 0.6408  Non0_F1_score: 0.5006  Acc_3: 0.5439  F1_score_3: 0.3832 
2023-12-16 16:06:04,453 - MMSA [INFO] - M: >>  Has0_acc_2: 0.7558  Has0_F1_score: 0.7599  Non0_acc_2: 0.5573  Non0_F1_score: 0.5416  Acc_3: 0.6842  F1_score_3: 0.6625 
2023-12-16 16:06:04,453 - MMSA [INFO] - T: >>  Has0_acc_2: 0.7778  Has0_F1_score: 0.7833  Non0_acc_2: 0.5573  Non0_F1_score: 0.5539  Acc_3: 0.7018  F1_score_3: 0.6988 
2023-12-16 16:06:04,463 - MMSA [INFO] - A: >>  Has0_acc_2: 0.3063  Has0_F1_score: 0.1436  Non0_acc_2: 0.0000  Non0_F1_score: 0.0000  Acc_3: 0.3063  F1_score_3: 0.1436 
2023-12-16 16:06:04,473 - MMSA [INFO] - V: >>  Has0_acc_2: 0.6937  Has0_F1_score: 0.5683  Non0_acc_2: 0.6391  Non0_F1_score: 0.4984  Acc_3: 0.5424  F1_score_3: 0.3815 
2023-12-16 16:06:28,074 - MMSA [INFO] - VAL-(mtfn) >> loss: 1.8881 
2023-12-16 16:06:28,074 - MMSA [INFO] - M: >>  Has0_acc_2: 0.6754  Has0_F1_score: 0.6880  Non0_acc_2: 0.4651  Non0_F1_score: 0.4951  Acc_3: 0.6184  F1_score_3: 0.5835 
2023-12-16 16:06:28,084 - MMSA [INFO] - T: >>  Has0_acc_2: 0.6864  Has0_F1_score: 0.6984  Non0_acc_2: 0.4780  Non0_F1_score: 0.5045  Acc_3: 0.6228  F1_score_3: 0.6022 
2023-12-16 16:06:28,084 - MMSA [INFO] - A: >>  Has0_acc_2: 0.3048  Has0_F1_score: 0.1424  Non0_acc_2: 0.0000  Non0_F1_score: 0.0000  Acc_3: 0.3048  F1_score_3: 0.1424 
2023-12-16 16:06:28,094 - MMSA [INFO] - V: >>  Has0_acc_2: 0.6952  Has0_F1_score: 0.5702  Non0_acc_2: 0.6408  Non0_F1_score: 0.5006  Acc_3: 0.5439  F1_score_3: 0.3832 
2023-12-16 16:08:50,823 - MMSA [INFO] - M: >>  Has0_acc_2: 0.7814  Has0_F1_score: 0.7853  Non0_acc_2: 0.5616  Non0_F1_score: 0.5512  Acc_3: 0.6988  F1_score_3: 0.6521 
2023-12-16 16:08:50,833 - MMSA [INFO] - T: >>  Has0_acc_2: 0.7785  Has0_F1_score: 0.7845  Non0_acc_2: 0.5616  Non0_F1_score: 0.5589  Acc_3: 0.6923  F1_score_3: 0.6956 
2023-12-16 16:08:50,833 - MMSA [INFO] - A: >>  Has0_acc_2: 0.3063  Has0_F1_score: 0.1436  Non0_acc_2: 0.0000  Non0_F1_score: 0.0000  Acc_3: 0.3063  F1_score_3: 0.1436 
2023-12-16 16:08:50,843 - MMSA [INFO] - V: >>  Has0_acc_2: 0.6937  Has0_F1_score: 0.5683  Non0_acc_2: 0.6391  Non0_F1_score: 0.4984  Acc_3: 0.5424  F1_score_3: 0.3815 
2023-12-16 16:09:14,448 - MMSA [INFO] - VAL-(mtfn) >> loss: 1.8721 
2023-12-16 16:09:14,458 - MMSA [INFO] - M: >>  Has0_acc_2: 0.7456  Has0_F1_score: 0.7434  Non0_acc_2: 0.5607  Non0_F1_score: 0.5277  Acc_3: 0.6447  F1_score_3: 0.5858 
2023-12-16 16:09:14,458 - MMSA [INFO] - T: >>  Has0_acc_2: 0.6776  Has0_F1_score: 0.6896  Non0_acc_2: 0.4677  Non0_F1_score: 0.4925  Acc_3: 0.6053  F1_score_3: 0.6096 
2023-12-16 16:09:14,468 - MMSA [INFO] - A: >>  Has0_acc_2: 0.3048  Has0_F1_score: 0.1424  Non0_acc_2: 0.0000  Non0_F1_score: 0.0000  Acc_3: 0.3048  F1_score_3: 0.1424 
2023-12-16 16:09:14,468 - MMSA [INFO] - V: >>  Has0_acc_2: 0.6952  Has0_F1_score: 0.5702  Non0_acc_2: 0.6408  Non0_F1_score: 0.5006  Acc_3: 0.5439  F1_score_3: 0.3832 
2023-12-16 16:11:36,738 - MMSA [INFO] - M: >>  Has0_acc_2: 0.7646  Has0_F1_score: 0.7641  Non0_acc_2: 0.5624  Non0_F1_score: 0.5354  Acc_3: 0.6601  F1_score_3: 0.6048 
2023-12-16 16:11:36,748 - MMSA [INFO] - T: >>  Has0_acc_2: 0.7712  Has0_F1_score: 0.7776  Non0_acc_2: 0.5418  Non0_F1_score: 0.5469  Acc_3: 0.7032  F1_score_3: 0.7054 
2023-12-16 16:11:36,758 - MMSA [INFO] - A: >>  Has0_acc_2: 0.3063  Has0_F1_score: 0.1436  Non0_acc_2: 0.0000  Non0_F1_score: 0.0000  Acc_3: 0.3063  F1_score_3: 0.1436 
2023-12-16 16:11:36,758 - MMSA [INFO] - V: >>  Has0_acc_2: 0.6886  Has0_F1_score: 0.5671  Non0_acc_2: 0.6322  Non0_F1_score: 0.4954  Acc_3: 0.5373  F1_score_3: 0.3804 
2023-12-16 16:12:00,349 - MMSA [INFO] - VAL-(mtfn) >> loss: 1.8697 
2023-12-16 16:12:00,359 - MMSA [INFO] - M: >>  Has0_acc_2: 0.7346  Has0_F1_score: 0.7349  Non0_acc_2: 0.5504  Non0_F1_score: 0.5240  Acc_3: 0.6404  F1_score_3: 0.5834 
2023-12-16 16:12:00,369 - MMSA [INFO] - T: >>  Has0_acc_2: 0.7456  Has0_F1_score: 0.7389  Non0_acc_2: 0.5736  Non0_F1_score: 0.5279  Acc_3: 0.6272  F1_score_3: 0.6097 
2023-12-16 16:12:00,369 - MMSA [INFO] - A: >>  Has0_acc_2: 0.3048  Has0_F1_score: 0.1424  Non0_acc_2: 0.0000  Non0_F1_score: 0.0000  Acc_3: 0.3048  F1_score_3: 0.1424 
2023-12-16 16:12:00,369 - MMSA [INFO] - V: >>  Has0_acc_2: 0.6952  Has0_F1_score: 0.5702  Non0_acc_2: 0.6408  Non0_F1_score: 0.5006  Acc_3: 0.5439  F1_score_3: 0.3832 
2023-12-16 16:14:23,473 - MMSA [INFO] - M: >>  Has0_acc_2: 0.7507  Has0_F1_score: 0.7563  Non0_acc_2: 0.5556  Non0_F1_score: 0.5438  Acc_3: 0.6871  F1_score_3: 0.6541 
2023-12-16 16:14:23,473 - MMSA [INFO] - T: >>  Has0_acc_2: 0.7537  Has0_F1_score: 0.7589  Non0_acc_2: 0.5538  Non0_F1_score: 0.5429  Acc_3: 0.6784  F1_score_3: 0.6845 
2023-12-16 16:14:23,483 - MMSA [INFO] - A: >>  Has0_acc_2: 0.3063  Has0_F1_score: 0.1436  Non0_acc_2: 0.0000  Non0_F1_score: 0.0000  Acc_3: 0.3063  F1_score_3: 0.1436 
2023-12-16 16:14:23,493 - MMSA [INFO] - V: >>  Has0_acc_2: 0.6937  Has0_F1_score: 0.5683  Non0_acc_2: 0.6391  Non0_F1_score: 0.4984  Acc_3: 0.5424  F1_score_3: 0.3815 
2023-12-16 16:14:46,993 - MMSA [INFO] - VAL-(mtfn) >> loss: 1.9496 
2023-12-16 16:14:46,993 - MMSA [INFO] - M: >>  Has0_acc_2: 0.7149  Has0_F1_score: 0.6781  Non0_acc_2: 0.6072  Non0_F1_score: 0.5149  Acc_3: 0.5965  F1_score_3: 0.5106 
2023-12-16 16:14:47,008 - MMSA [INFO] - T: >>  Has0_acc_2: 0.7193  Has0_F1_score: 0.7010  Non0_acc_2: 0.5917  Non0_F1_score: 0.5204  Acc_3: 0.6140  F1_score_3: 0.5600 
2023-12-16 16:14:47,013 - MMSA [INFO] - A: >>  Has0_acc_2: 0.3048  Has0_F1_score: 0.1424  Non0_acc_2: 0.0000  Non0_F1_score: 0.0000  Acc_3: 0.3048  F1_score_3: 0.1424 
2023-12-16 16:14:47,023 - MMSA [INFO] - V: >>  Has0_acc_2: 0.6952  Has0_F1_score: 0.5702  Non0_acc_2: 0.6408  Non0_F1_score: 0.5006  Acc_3: 0.5439  F1_score_3: 0.3832 
2023-12-16 16:17:10,639 - MMSA [INFO] - M: >>  Has0_acc_2: 0.7661  Has0_F1_score: 0.7674  Non0_acc_2: 0.5736  Non0_F1_score: 0.5460  Acc_3: 0.6879  F1_score_3: 0.6480 
2023-12-16 16:17:10,649 - MMSA [INFO] - T: >>  Has0_acc_2: 0.7515  Has0_F1_score: 0.7604  Non0_acc_2: 0.5383  Non0_F1_score: 0.5517  Acc_3: 0.7069  F1_score_3: 0.7082 
2023-12-16 16:17:10,649 - MMSA [INFO] - A: >>  Has0_acc_2: 0.3063  Has0_F1_score: 0.1436  Non0_acc_2: 0.0000  Non0_F1_score: 0.0000  Acc_3: 0.3063  F1_score_3: 0.1436 
2023-12-16 16:17:10,660 - MMSA [INFO] - V: >>  Has0_acc_2: 0.6937  Has0_F1_score: 0.5683  Non0_acc_2: 0.6391  Non0_F1_score: 0.4984  Acc_3: 0.5424  F1_score_3: 0.3815 
2023-12-16 16:17:34,232 - MMSA [INFO] - VAL-(mtfn) >> loss: 1.8814 
2023-12-16 16:17:34,232 - MMSA [INFO] - M: >>  Has0_acc_2: 0.7039  Has0_F1_score: 0.7075  Non0_acc_2: 0.5271  Non0_F1_score: 0.5097  Acc_3: 0.6075  F1_score_3: 0.5908 
2023-12-16 16:17:34,242 - MMSA [INFO] - T: >>  Has0_acc_2: 0.6908  Has0_F1_score: 0.7008  Non0_acc_2: 0.5013  Non0_F1_score: 0.5085  Acc_3: 0.6009  F1_score_3: 0.6060 
2023-12-16 16:17:34,242 - MMSA [INFO] - A: >>  Has0_acc_2: 0.3048  Has0_F1_score: 0.1424  Non0_acc_2: 0.0000  Non0_F1_score: 0.0000  Acc_3: 0.3048  F1_score_3: 0.1424 
2023-12-16 16:17:34,253 - MMSA [INFO] - V: >>  Has0_acc_2: 0.6952  Has0_F1_score: 0.5702  Non0_acc_2: 0.6408  Non0_F1_score: 0.5006  Acc_3: 0.5439  F1_score_3: 0.3832 
2023-12-16 16:20:01,779 - MMSA [INFO] - M: >>  Has0_acc_2: 0.7844  Has0_F1_score: 0.7911  Non0_acc_2: 0.5616  Non0_F1_score: 0.5654  Acc_3: 0.7405  F1_score_3: 0.7220 
2023-12-16 16:20:01,781 - MMSA [INFO] - T: >>  Has0_acc_2: 0.7734  Has0_F1_score: 0.7814  Non0_acc_2: 0.5495  Non0_F1_score: 0.5632  Acc_3: 0.7288  F1_score_3: 0.7326 
2023-12-16 16:20:01,789 - MMSA [INFO] - A: >>  Has0_acc_2: 0.3063  Has0_F1_score: 0.1436  Non0_acc_2: 0.0000  Non0_F1_score: 0.0000  Acc_3: 0.3063  F1_score_3: 0.1436 
2023-12-16 16:20:01,799 - MMSA [INFO] - V: >>  Has0_acc_2: 0.6937  Has0_F1_score: 0.5683  Non0_acc_2: 0.6391  Non0_F1_score: 0.4984  Acc_3: 0.5424  F1_score_3: 0.3815 
2023-12-16 16:20:25,257 - MMSA [INFO] - VAL-(mtfn) >> loss: 1.9211 
2023-12-16 16:20:25,257 - MMSA [INFO] - M: >>  Has0_acc_2: 0.7171  Has0_F1_score: 0.7130  Non0_acc_2: 0.5633  Non0_F1_score: 0.5203  Acc_3: 0.6272  F1_score_3: 0.5938 
2023-12-16 16:20:25,267 - MMSA [INFO] - T: >>  Has0_acc_2: 0.6930  Has0_F1_score: 0.6969  Non0_acc_2: 0.5271  Non0_F1_score: 0.5077  Acc_3: 0.5899  F1_score_3: 0.5841 
2023-12-16 16:20:25,267 - MMSA [INFO] - A: >>  Has0_acc_2: 0.3048  Has0_F1_score: 0.1424  Non0_acc_2: 0.0000  Non0_F1_score: 0.0000  Acc_3: 0.3048  F1_score_3: 0.1424 
2023-12-16 16:20:25,277 - MMSA [INFO] - V: >>  Has0_acc_2: 0.6952  Has0_F1_score: 0.5702  Non0_acc_2: 0.6408  Non0_F1_score: 0.5006  Acc_3: 0.5439  F1_score_3: 0.3832 
2023-12-16 16:22:49,295 - MMSA [INFO] - M: >>  Has0_acc_2: 0.7887  Has0_F1_score: 0.7942  Non0_acc_2: 0.5736  Non0_F1_score: 0.5668  Acc_3: 0.7529  F1_score_3: 0.7385 
2023-12-16 16:22:49,295 - MMSA [INFO] - T: >>  Has0_acc_2: 0.7953  Has0_F1_score: 0.8003  Non0_acc_2: 0.5728  Non0_F1_score: 0.5667  Acc_3: 0.7244  F1_score_3: 0.7291 
2023-12-16 16:22:49,305 - MMSA [INFO] - A: >>  Has0_acc_2: 0.3063  Has0_F1_score: 0.1436  Non0_acc_2: 0.0000  Non0_F1_score: 0.0000  Acc_3: 0.3063  F1_score_3: 0.1436 
2023-12-16 16:22:49,316 - MMSA [INFO] - V: >>  Has0_acc_2: 0.6937  Has0_F1_score: 0.5683  Non0_acc_2: 0.6391  Non0_F1_score: 0.4984  Acc_3: 0.5424  F1_score_3: 0.3815 
2023-12-16 16:23:12,939 - MMSA [INFO] - VAL-(mtfn) >> loss: 1.9471 
2023-12-16 16:23:12,939 - MMSA [INFO] - M: >>  Has0_acc_2: 0.6535  Has0_F1_score: 0.6672  Non0_acc_2: 0.4444  Non0_F1_score: 0.4845  Acc_3: 0.6053  F1_score_3: 0.5669 
2023-12-16 16:23:12,949 - MMSA [INFO] - T: >>  Has0_acc_2: 0.6579  Has0_F1_score: 0.6715  Non0_acc_2: 0.4470  Non0_F1_score: 0.4862  Acc_3: 0.6031  F1_score_3: 0.5989 
2023-12-16 16:23:12,949 - MMSA [INFO] - A: >>  Has0_acc_2: 0.3048  Has0_F1_score: 0.1424  Non0_acc_2: 0.0000  Non0_F1_score: 0.0000  Acc_3: 0.3048  F1_score_3: 0.1424 
2023-12-16 16:23:12,959 - MMSA [INFO] - V: >>  Has0_acc_2: 0.6952  Has0_F1_score: 0.5702  Non0_acc_2: 0.6408  Non0_F1_score: 0.5006  Acc_3: 0.5439  F1_score_3: 0.3832 
2023-12-16 16:23:36,862 - MMSA [INFO] - TEST-(mtfn) >> loss: 1.8022 
2023-12-16 16:23:36,872 - MMSA [INFO] - M: >>  Has0_acc_2: 0.7834  Has0_F1_score: 0.7863  Non0_acc_2: 0.5619  Non0_F1_score: 0.5486  Acc_3: 0.6915  F1_score_3: 0.6437 
2023-12-16 16:23:36,872 - MMSA [INFO] - T: >>  Has0_acc_2: 0.7593  Has0_F1_score: 0.7650  Non0_acc_2: 0.5387  Non0_F1_score: 0.5376  Acc_3: 0.6674  F1_score_3: 0.6567 
2023-12-16 16:23:36,882 - MMSA [INFO] - A: >>  Has0_acc_2: 0.3063  Has0_F1_score: 0.1437  Non0_acc_2: 0.0000  Non0_F1_score: 0.0000  Acc_3: 0.3063  F1_score_3: 0.1437 
2023-12-16 16:23:36,882 - MMSA [INFO] - V: >>  Has0_acc_2: 0.6937  Has0_F1_score: 0.5682  Non0_acc_2: 0.6392  Non0_F1_score: 0.4985  Acc_3: 0.5427  F1_score_3: 0.3818 
2023-12-16 16:23:38,003 - MMSA [INFO] - Result for seed 1112: {'Has0_acc_2': 0.7834, 'Has0_F1_score': 0.7863, 'Non0_acc_2': 0.5619, 'Non0_F1_score': 0.5486, 'Acc_3': 0.6915, 'F1_score_3': 0.6437, 'Loss': 1.8022}
2023-12-16 16:23:38,003 - MMSA [INFO] - ------------------------------ Running with seed 1113 [3/5] ------------------------------
2023-12-16 16:23:38,504 - MMSA [INFO] - train samples: (1368,)
2023-12-16 16:23:39,107 - MMSA [INFO] - valid samples: (456,)
2023-12-16 16:23:39,680 - MMSA [INFO] - test samples: (457,)
2023-12-16 16:23:40,331 - MMSA [INFO] - The model has 140957476 trainable parameters
2023-12-16 16:26:01,415 - MMSA [INFO] - M: >>  Has0_acc_2: 0.6462  Has0_F1_score: 0.5997  Non0_acc_2: 0.5607  Non0_F1_score: 0.4760  Acc_3: 0.5154  F1_score_3: 0.4323 
2023-12-16 16:26:01,425 - MMSA [INFO] - T: >>  Has0_acc_2: 0.6915  Has0_F1_score: 0.6193  Non0_acc_2: 0.6133  Non0_F1_score: 0.4989  Acc_3: 0.5526  F1_score_3: 0.4431 
2023-12-16 16:26:01,435 - MMSA [INFO] - A: >>  Has0_acc_2: 0.6937  Has0_F1_score: 0.5683  Non0_acc_2: 0.6391  Non0_F1_score: 0.4984  Acc_3: 0.5424  F1_score_3: 0.3815 
2023-12-16 16:26:01,435 - MMSA [INFO] - V: >>  Has0_acc_2: 0.6221  Has0_F1_score: 0.5805  Non0_acc_2: 0.5280  Non0_F1_score: 0.4571  Acc_3: 0.4203  F1_score_3: 0.3543 
2023-12-16 16:26:24,769 - MMSA [INFO] - VAL-(mtfn) >> loss: 2.0056 
2023-12-16 16:26:24,769 - MMSA [INFO] - M: >>  Has0_acc_2: 0.6908  Has0_F1_score: 0.5866  Non0_acc_2: 0.6253  Non0_F1_score: 0.4971  Acc_3: 0.5373  F1_score_3: 0.3931 
2023-12-16 16:26:24,780 - MMSA [INFO] - T: >>  Has0_acc_2: 0.6732  Has0_F1_score: 0.6246  Non0_acc_2: 0.5891  Non0_F1_score: 0.4944  Acc_3: 0.5526  F1_score_3: 0.4582 
2023-12-16 16:26:24,780 - MMSA [INFO] - A: >>  Has0_acc_2: 0.6952  Has0_F1_score: 0.5702  Non0_acc_2: 0.6408  Non0_F1_score: 0.5006  Acc_3: 0.5439  F1_score_3: 0.3832 
2023-12-16 16:26:24,790 - MMSA [INFO] - V: >>  Has0_acc_2: 0.6952  Has0_F1_score: 0.5702  Non0_acc_2: 0.6408  Non0_F1_score: 0.5006  Acc_3: 0.5439  F1_score_3: 0.3832 
2023-12-16 16:28:47,142 - MMSA [INFO] - M: >>  Has0_acc_2: 0.7003  Has0_F1_score: 0.6838  Non0_acc_2: 0.5633  Non0_F1_score: 0.5030  Acc_3: 0.5877  F1_score_3: 0.5238 
2023-12-16 16:28:47,152 - MMSA [INFO] - T: >>  Has0_acc_2: 0.6842  Has0_F1_score: 0.6937  Non0_acc_2: 0.4927  Non0_F1_score: 0.4987  Acc_3: 0.6104  F1_score_3: 0.5687 
2023-12-16 16:28:47,152 - MMSA [INFO] - A: >>  Has0_acc_2: 0.6937  Has0_F1_score: 0.5683  Non0_acc_2: 0.6391  Non0_F1_score: 0.4984  Acc_3: 0.5424  F1_score_3: 0.3815 
2023-12-16 16:28:47,163 - MMSA [INFO] - V: >>  Has0_acc_2: 0.6937  Has0_F1_score: 0.5683  Non0_acc_2: 0.6391  Non0_F1_score: 0.4984  Acc_3: 0.5424  F1_score_3: 0.3815 
2023-12-16 16:29:10,519 - MMSA [INFO] - VAL-(mtfn) >> loss: 1.8884 
2023-12-16 16:29:10,519 - MMSA [INFO] - M: >>  Has0_acc_2: 0.7237  Has0_F1_score: 0.7046  Non0_acc_2: 0.5917  Non0_F1_score: 0.5204  Acc_3: 0.6162  F1_score_3: 0.5442 
2023-12-16 16:29:10,529 - MMSA [INFO] - T: >>  Has0_acc_2: 0.7149  Has0_F1_score: 0.7032  Non0_acc_2: 0.5762  Non0_F1_score: 0.5178  Acc_3: 0.6162  F1_score_3: 0.5500 
2023-12-16 16:29:10,540 - MMSA [INFO] - A: >>  Has0_acc_2: 0.6952  Has0_F1_score: 0.5702  Non0_acc_2: 0.6408  Non0_F1_score: 0.5006  Acc_3: 0.5439  F1_score_3: 0.3832 
2023-12-16 16:29:10,540 - MMSA [INFO] - V: >>  Has0_acc_2: 0.6952  Has0_F1_score: 0.5702  Non0_acc_2: 0.6408  Non0_F1_score: 0.5006  Acc_3: 0.5439  F1_score_3: 0.3832 
2023-12-16 16:31:33,437 - MMSA [INFO] - M: >>  Has0_acc_2: 0.7361  Has0_F1_score: 0.7367  Non0_acc_2: 0.5469  Non0_F1_score: 0.5223  Acc_3: 0.6404  F1_score_3: 0.5842 
2023-12-16 16:31:33,437 - MMSA [INFO] - T: >>  Has0_acc_2: 0.7230  Has0_F1_score: 0.7303  Non0_acc_2: 0.5220  Non0_F1_score: 0.5216  Acc_3: 0.6499  F1_score_3: 0.6152 
2023-12-16 16:31:33,451 - MMSA [INFO] - A: >>  Has0_acc_2: 0.6937  Has0_F1_score: 0.5683  Non0_acc_2: 0.6391  Non0_F1_score: 0.4984  Acc_3: 0.5424  F1_score_3: 0.3815 
2023-12-16 16:31:33,457 - MMSA [INFO] - V: >>  Has0_acc_2: 0.6937  Has0_F1_score: 0.5683  Non0_acc_2: 0.6391  Non0_F1_score: 0.4984  Acc_3: 0.5424  F1_score_3: 0.3815 
2023-12-16 16:31:57,049 - MMSA [INFO] - VAL-(mtfn) >> loss: 1.9940 
2023-12-16 16:31:57,049 - MMSA [INFO] - M: >>  Has0_acc_2: 0.6382  Has0_F1_score: 0.6524  Non0_acc_2: 0.4470  Non0_F1_score: 0.4779  Acc_3: 0.5899  F1_score_3: 0.5511 
2023-12-16 16:31:57,059 - MMSA [INFO] - T: >>  Has0_acc_2: 0.5219  Has0_F1_score: 0.5194  Non0_acc_2: 0.2713  Non0_F1_score: 0.3637  Acc_3: 0.4781  F1_score_3: 0.4646 
2023-12-16 16:31:57,059 - MMSA [INFO] - A: >>  Has0_acc_2: 0.6952  Has0_F1_score: 0.5702  Non0_acc_2: 0.6408  Non0_F1_score: 0.5006  Acc_3: 0.5439  F1_score_3: 0.3832 
2023-12-16 16:31:57,069 - MMSA [INFO] - V: >>  Has0_acc_2: 0.6952  Has0_F1_score: 0.5702  Non0_acc_2: 0.6408  Non0_F1_score: 0.5006  Acc_3: 0.5439  F1_score_3: 0.3832 
2023-12-16 16:34:20,078 - MMSA [INFO] - M: >>  Has0_acc_2: 0.7624  Has0_F1_score: 0.7568  Non0_acc_2: 0.5771  Non0_F1_score: 0.5336  Acc_3: 0.6550  F1_score_3: 0.5954 
2023-12-16 16:34:20,088 - MMSA [INFO] - T: >>  Has0_acc_2: 0.7420  Has0_F1_score: 0.7466  Non0_acc_2: 0.5401  Non0_F1_score: 0.5294  Acc_3: 0.6374  F1_score_3: 0.6302 
2023-12-16 16:34:20,088 - MMSA [INFO] - A: >>  Has0_acc_2: 0.6937  Has0_F1_score: 0.5683  Non0_acc_2: 0.6391  Non0_F1_score: 0.4984  Acc_3: 0.5424  F1_score_3: 0.3815 
2023-12-16 16:34:20,099 - MMSA [INFO] - V: >>  Has0_acc_2: 0.6937  Has0_F1_score: 0.5683  Non0_acc_2: 0.6391  Non0_F1_score: 0.4984  Acc_3: 0.5424  F1_score_3: 0.3815 
2023-12-16 16:34:45,551 - MMSA [INFO] - VAL-(mtfn) >> loss: 1.9157 
2023-12-16 16:34:45,551 - MMSA [INFO] - M: >>  Has0_acc_2: 0.7434  Has0_F1_score: 0.7290  Non0_acc_2: 0.5969  Non0_F1_score: 0.5306  Acc_3: 0.6382  F1_score_3: 0.5690 
2023-12-16 16:34:45,561 - MMSA [INFO] - T: >>  Has0_acc_2: 0.7346  Has0_F1_score: 0.7233  Non0_acc_2: 0.5891  Non0_F1_score: 0.5284  Acc_3: 0.6382  F1_score_3: 0.5739 
2023-12-16 16:34:45,561 - MMSA [INFO] - A: >>  Has0_acc_2: 0.6952  Has0_F1_score: 0.5702  Non0_acc_2: 0.6408  Non0_F1_score: 0.5006  Acc_3: 0.5439  F1_score_3: 0.3832 
2023-12-16 16:34:45,571 - MMSA [INFO] - V: >>  Has0_acc_2: 0.6952  Has0_F1_score: 0.5702  Non0_acc_2: 0.6408  Non0_F1_score: 0.5006  Acc_3: 0.5439  F1_score_3: 0.3832 
2023-12-16 16:37:08,889 - MMSA [INFO] - M: >>  Has0_acc_2: 0.7544  Has0_F1_score: 0.7372  Non0_acc_2: 0.5917  Non0_F1_score: 0.5258  Acc_3: 0.6301  F1_score_3: 0.5648 
2023-12-16 16:37:08,899 - MMSA [INFO] - T: >>  Has0_acc_2: 0.7398  Has0_F1_score: 0.7404  Non0_acc_2: 0.5521  Non0_F1_score: 0.5262  Acc_3: 0.6301  F1_score_3: 0.6125 
2023-12-16 16:37:08,899 - MMSA [INFO] - A: >>  Has0_acc_2: 0.6937  Has0_F1_score: 0.5683  Non0_acc_2: 0.6391  Non0_F1_score: 0.4984  Acc_3: 0.5424  F1_score_3: 0.3815 
2023-12-16 16:37:08,909 - MMSA [INFO] - V: >>  Has0_acc_2: 0.6937  Has0_F1_score: 0.5683  Non0_acc_2: 0.6391  Non0_F1_score: 0.4984  Acc_3: 0.5424  F1_score_3: 0.3815 
2023-12-16 16:37:32,484 - MMSA [INFO] - VAL-(mtfn) >> loss: 1.9716 
2023-12-16 16:37:32,484 - MMSA [INFO] - M: >>  Has0_acc_2: 0.6952  Has0_F1_score: 0.5818  Non0_acc_2: 0.6357  Non0_F1_score: 0.5005  Acc_3: 0.5461  F1_score_3: 0.3960 
2023-12-16 16:37:32,494 - MMSA [INFO] - T: >>  Has0_acc_2: 0.6228  Has0_F1_score: 0.6357  Non0_acc_2: 0.4419  Non0_F1_score: 0.4575  Acc_3: 0.5417  F1_score_3: 0.5078 
2023-12-16 16:37:32,494 - MMSA [INFO] - A: >>  Has0_acc_2: 0.6952  Has0_F1_score: 0.5702  Non0_acc_2: 0.6408  Non0_F1_score: 0.5006  Acc_3: 0.5439  F1_score_3: 0.3832 
2023-12-16 16:37:32,504 - MMSA [INFO] - V: >>  Has0_acc_2: 0.6952  Has0_F1_score: 0.5702  Non0_acc_2: 0.6408  Non0_F1_score: 0.5006  Acc_3: 0.5439  F1_score_3: 0.3832 
2023-12-16 16:39:53,958 - MMSA [INFO] - M: >>  Has0_acc_2: 0.7208  Has0_F1_score: 0.6967  Non0_acc_2: 0.5943  Non0_F1_score: 0.5164  Acc_3: 0.6075  F1_score_3: 0.5352 
2023-12-16 16:39:53,958 - MMSA [INFO] - T: >>  Has0_acc_2: 0.7551  Has0_F1_score: 0.7602  Non0_acc_2: 0.5444  Non0_F1_score: 0.5375  Acc_3: 0.6447  F1_score_3: 0.6393 
2023-12-16 16:39:53,968 - MMSA [INFO] - A: >>  Has0_acc_2: 0.6937  Has0_F1_score: 0.5683  Non0_acc_2: 0.6391  Non0_F1_score: 0.4984  Acc_3: 0.5424  F1_score_3: 0.3815 
2023-12-16 16:39:53,978 - MMSA [INFO] - V: >>  Has0_acc_2: 0.6937  Has0_F1_score: 0.5683  Non0_acc_2: 0.6391  Non0_F1_score: 0.4984  Acc_3: 0.5424  F1_score_3: 0.3815 
2023-12-16 16:40:17,551 - MMSA [INFO] - VAL-(mtfn) >> loss: 2.0101 
2023-12-16 16:40:17,551 - MMSA [INFO] - M: >>  Has0_acc_2: 0.7368  Has0_F1_score: 0.7186  Non0_acc_2: 0.5917  Non0_F1_score: 0.5232  Acc_3: 0.6228  F1_score_3: 0.5521 
2023-12-16 16:40:17,561 - MMSA [INFO] - T: >>  Has0_acc_2: 0.7456  Has0_F1_score: 0.7227  Non0_acc_2: 0.6021  Non0_F1_score: 0.5257  Acc_3: 0.6250  F1_score_3: 0.5509 
2023-12-16 16:40:17,561 - MMSA [INFO] - A: >>  Has0_acc_2: 0.6952  Has0_F1_score: 0.5702  Non0_acc_2: 0.6408  Non0_F1_score: 0.5006  Acc_3: 0.5439  F1_score_3: 0.3832 
2023-12-16 16:40:17,571 - MMSA [INFO] - V: >>  Has0_acc_2: 0.6952  Has0_F1_score: 0.5702  Non0_acc_2: 0.6408  Non0_F1_score: 0.5006  Acc_3: 0.5439  F1_score_3: 0.3832 
2023-12-16 16:42:39,683 - MMSA [INFO] - M: >>  Has0_acc_2: 0.7770  Has0_F1_score: 0.7686  Non0_acc_2: 0.5848  Non0_F1_score: 0.5361  Acc_3: 0.6579  F1_score_3: 0.5946 
2023-12-16 16:42:39,694 - MMSA [INFO] - T: >>  Has0_acc_2: 0.7529  Has0_F1_score: 0.7556  Non0_acc_2: 0.5487  Non0_F1_score: 0.5322  Acc_3: 0.6652  F1_score_3: 0.6552 
2023-12-16 16:42:39,704 - MMSA [INFO] - A: >>  Has0_acc_2: 0.6937  Has0_F1_score: 0.5683  Non0_acc_2: 0.6391  Non0_F1_score: 0.4984  Acc_3: 0.5424  F1_score_3: 0.3815 
2023-12-16 16:42:39,704 - MMSA [INFO] - V: >>  Has0_acc_2: 0.6937  Has0_F1_score: 0.5683  Non0_acc_2: 0.6391  Non0_F1_score: 0.4984  Acc_3: 0.5424  F1_score_3: 0.3815 
2023-12-16 16:43:03,325 - MMSA [INFO] - VAL-(mtfn) >> loss: 1.8364 
2023-12-16 16:43:03,331 - MMSA [INFO] - M: >>  Has0_acc_2: 0.7281  Has0_F1_score: 0.7315  Non0_acc_2: 0.5452  Non0_F1_score: 0.5261  Acc_3: 0.6447  F1_score_3: 0.5943 
2023-12-16 16:43:03,335 - MMSA [INFO] - T: >>  Has0_acc_2: 0.6820  Has0_F1_score: 0.6934  Non0_acc_2: 0.4755  Non0_F1_score: 0.4954  Acc_3: 0.5746  F1_score_3: 0.5908 
2023-12-16 16:43:03,335 - MMSA [INFO] - A: >>  Has0_acc_2: 0.6952  Has0_F1_score: 0.5702  Non0_acc_2: 0.6408  Non0_F1_score: 0.5006  Acc_3: 0.5439  F1_score_3: 0.3832 
2023-12-16 16:43:03,345 - MMSA [INFO] - V: >>  Has0_acc_2: 0.6952  Has0_F1_score: 0.5702  Non0_acc_2: 0.6408  Non0_F1_score: 0.5006  Acc_3: 0.5439  F1_score_3: 0.3832 
2023-12-16 16:45:27,420 - MMSA [INFO] - M: >>  Has0_acc_2: 0.7756  Has0_F1_score: 0.7772  Non0_acc_2: 0.5745  Non0_F1_score: 0.5497  Acc_3: 0.6842  F1_score_3: 0.6307 
2023-12-16 16:45:27,430 - MMSA [INFO] - T: >>  Has0_acc_2: 0.7697  Has0_F1_score: 0.7740  Non0_acc_2: 0.5581  Non0_F1_score: 0.5471  Acc_3: 0.6864  F1_score_3: 0.6887 
2023-12-16 16:45:27,430 - MMSA [INFO] - A: >>  Has0_acc_2: 0.6937  Has0_F1_score: 0.5683  Non0_acc_2: 0.6391  Non0_F1_score: 0.4984  Acc_3: 0.5424  F1_score_3: 0.3815 
2023-12-16 16:45:27,440 - MMSA [INFO] - V: >>  Has0_acc_2: 0.6937  Has0_F1_score: 0.5683  Non0_acc_2: 0.6391  Non0_F1_score: 0.4984  Acc_3: 0.5424  F1_score_3: 0.3815 
2023-12-16 16:45:50,937 - MMSA [INFO] - VAL-(mtfn) >> loss: 1.8444 
2023-12-16 16:45:50,937 - MMSA [INFO] - M: >>  Has0_acc_2: 0.6754  Has0_F1_score: 0.6881  Non0_acc_2: 0.4703  Non0_F1_score: 0.4995  Acc_3: 0.6206  F1_score_3: 0.5791 
2023-12-16 16:45:50,947 - MMSA [INFO] - T: >>  Has0_acc_2: 0.6908  Has0_F1_score: 0.7022  Non0_acc_2: 0.4884  Non0_F1_score: 0.5078  Acc_3: 0.5899  F1_score_3: 0.5984 
2023-12-16 16:45:50,947 - MMSA [INFO] - A: >>  Has0_acc_2: 0.6952  Has0_F1_score: 0.5702  Non0_acc_2: 0.6408  Non0_F1_score: 0.5006  Acc_3: 0.5439  F1_score_3: 0.3832 
2023-12-16 16:45:50,957 - MMSA [INFO] - V: >>  Has0_acc_2: 0.6952  Has0_F1_score: 0.5702  Non0_acc_2: 0.6408  Non0_F1_score: 0.5006  Acc_3: 0.5439  F1_score_3: 0.3832 
2023-12-16 16:48:15,578 - MMSA [INFO] - M: >>  Has0_acc_2: 0.7800  Has0_F1_score: 0.7844  Non0_acc_2: 0.5719  Non0_F1_score: 0.5584  Acc_3: 0.7120  F1_score_3: 0.6684 
2023-12-16 16:48:15,578 - MMSA [INFO] - T: >>  Has0_acc_2: 0.7727  Has0_F1_score: 0.7793  Non0_acc_2: 0.5547  Non0_F1_score: 0.5558  Acc_3: 0.6944  F1_score_3: 0.6940 
2023-12-16 16:48:15,589 - MMSA [INFO] - A: >>  Has0_acc_2: 0.6937  Has0_F1_score: 0.5683  Non0_acc_2: 0.6391  Non0_F1_score: 0.4984  Acc_3: 0.5424  F1_score_3: 0.3815 
2023-12-16 16:48:15,599 - MMSA [INFO] - V: >>  Has0_acc_2: 0.6937  Has0_F1_score: 0.5683  Non0_acc_2: 0.6391  Non0_F1_score: 0.4984  Acc_3: 0.5424  F1_score_3: 0.3815 
2023-12-16 16:48:39,072 - MMSA [INFO] - VAL-(mtfn) >> loss: 1.9314 
2023-12-16 16:48:39,072 - MMSA [INFO] - M: >>  Has0_acc_2: 0.6513  Has0_F1_score: 0.6651  Non0_acc_2: 0.4393  Non0_F1_score: 0.4799  Acc_3: 0.5965  F1_score_3: 0.5611 
2023-12-16 16:48:39,082 - MMSA [INFO] - T: >>  Has0_acc_2: 0.6579  Has0_F1_score: 0.6715  Non0_acc_2: 0.4444  Non0_F1_score: 0.4834  Acc_3: 0.5592  F1_score_3: 0.5759 
2023-12-16 16:48:39,082 - MMSA [INFO] - A: >>  Has0_acc_2: 0.6952  Has0_F1_score: 0.5702  Non0_acc_2: 0.6408  Non0_F1_score: 0.5006  Acc_3: 0.5439  F1_score_3: 0.3832 
2023-12-16 16:48:39,092 - MMSA [INFO] - V: >>  Has0_acc_2: 0.6952  Has0_F1_score: 0.5702  Non0_acc_2: 0.6408  Non0_F1_score: 0.5006  Acc_3: 0.5439  F1_score_3: 0.3832 
2023-12-16 16:51:04,001 - MMSA [INFO] - M: >>  Has0_acc_2: 0.7865  Has0_F1_score: 0.7919  Non0_acc_2: 0.5711  Non0_F1_score: 0.5642  Acc_3: 0.7127  F1_score_3: 0.6662 
2023-12-16 16:51:04,007 - MMSA [INFO] - T: >>  Has0_acc_2: 0.7814  Has0_F1_score: 0.7878  Non0_acc_2: 0.5624  Non0_F1_score: 0.5624  Acc_3: 0.7003  F1_score_3: 0.7025 
2023-12-16 16:51:04,015 - MMSA [INFO] - A: >>  Has0_acc_2: 0.6937  Has0_F1_score: 0.5683  Non0_acc_2: 0.6391  Non0_F1_score: 0.4984  Acc_3: 0.5424  F1_score_3: 0.3815 
2023-12-16 16:51:04,022 - MMSA [INFO] - V: >>  Has0_acc_2: 0.6937  Has0_F1_score: 0.5683  Non0_acc_2: 0.6391  Non0_F1_score: 0.4984  Acc_3: 0.5424  F1_score_3: 0.3815 
2023-12-16 16:51:27,942 - MMSA [INFO] - VAL-(mtfn) >> loss: 1.8899 
2023-12-16 16:51:27,947 - MMSA [INFO] - M: >>  Has0_acc_2: 0.7325  Has0_F1_score: 0.7150  Non0_acc_2: 0.5891  Non0_F1_score: 0.5218  Acc_3: 0.6206  F1_score_3: 0.5504 
2023-12-16 16:51:27,952 - MMSA [INFO] - T: >>  Has0_acc_2: 0.7281  Has0_F1_score: 0.7142  Non0_acc_2: 0.5762  Non0_F1_score: 0.5178  Acc_3: 0.5833  F1_score_3: 0.5609 
2023-12-16 16:51:27,957 - MMSA [INFO] - A: >>  Has0_acc_2: 0.6952  Has0_F1_score: 0.5702  Non0_acc_2: 0.6408  Non0_F1_score: 0.5006  Acc_3: 0.5439  F1_score_3: 0.3832 
2023-12-16 16:51:27,963 - MMSA [INFO] - V: >>  Has0_acc_2: 0.6952  Has0_F1_score: 0.5702  Non0_acc_2: 0.6408  Non0_F1_score: 0.5006  Acc_3: 0.5439  F1_score_3: 0.3832 
2023-12-16 16:53:51,895 - MMSA [INFO] - M: >>  Has0_acc_2: 0.7770  Has0_F1_score: 0.7821  Non0_acc_2: 0.5762  Non0_F1_score: 0.5622  Acc_3: 0.7149  F1_score_3: 0.6802 
2023-12-16 16:53:51,902 - MMSA [INFO] - T: >>  Has0_acc_2: 0.7763  Has0_F1_score: 0.7826  Non0_acc_2: 0.5685  Non0_F1_score: 0.5635  Acc_3: 0.7135  F1_score_3: 0.7155 
2023-12-16 16:53:51,909 - MMSA [INFO] - A: >>  Has0_acc_2: 0.6937  Has0_F1_score: 0.5683  Non0_acc_2: 0.6391  Non0_F1_score: 0.4984  Acc_3: 0.5424  F1_score_3: 0.3815 
2023-12-16 16:53:51,917 - MMSA [INFO] - V: >>  Has0_acc_2: 0.6937  Has0_F1_score: 0.5683  Non0_acc_2: 0.6391  Non0_F1_score: 0.4984  Acc_3: 0.5424  F1_score_3: 0.3815 
2023-12-16 16:54:15,985 - MMSA [INFO] - VAL-(mtfn) >> loss: 1.8882 
2023-12-16 16:54:15,994 - MMSA [INFO] - M: >>  Has0_acc_2: 0.6711  Has0_F1_score: 0.6831  Non0_acc_2: 0.4625  Non0_F1_score: 0.4861  Acc_3: 0.5987  F1_score_3: 0.5551 
2023-12-16 16:54:16,000 - MMSA [INFO] - T: >>  Has0_acc_2: 0.6689  Has0_F1_score: 0.6817  Non0_acc_2: 0.4496  Non0_F1_score: 0.4827  Acc_3: 0.5351  F1_score_3: 0.5541 
2023-12-16 16:54:16,002 - MMSA [INFO] - A: >>  Has0_acc_2: 0.6952  Has0_F1_score: 0.5702  Non0_acc_2: 0.6408  Non0_F1_score: 0.5006  Acc_3: 0.5439  F1_score_3: 0.3832 
2023-12-16 16:54:16,011 - MMSA [INFO] - V: >>  Has0_acc_2: 0.6952  Has0_F1_score: 0.5702  Non0_acc_2: 0.6408  Non0_F1_score: 0.5006  Acc_3: 0.5439  F1_score_3: 0.3832 
2023-12-16 16:56:40,937 - MMSA [INFO] - M: >>  Has0_acc_2: 0.7953  Has0_F1_score: 0.8007  Non0_acc_2: 0.5805  Non0_F1_score: 0.5728  Acc_3: 0.7390  F1_score_3: 0.7112 
2023-12-16 16:56:40,947 - MMSA [INFO] - T: >>  Has0_acc_2: 0.7953  Has0_F1_score: 0.8005  Non0_acc_2: 0.5754  Non0_F1_score: 0.5692  Acc_3: 0.7281  F1_score_3: 0.7303 
2023-12-16 16:56:40,957 - MMSA [INFO] - A: >>  Has0_acc_2: 0.6937  Has0_F1_score: 0.5683  Non0_acc_2: 0.6391  Non0_F1_score: 0.4984  Acc_3: 0.5424  F1_score_3: 0.3815 
2023-12-16 16:56:40,957 - MMSA [INFO] - V: >>  Has0_acc_2: 0.6937  Has0_F1_score: 0.5683  Non0_acc_2: 0.6391  Non0_F1_score: 0.4984  Acc_3: 0.5424  F1_score_3: 0.3815 
2023-12-16 16:57:04,678 - MMSA [INFO] - VAL-(mtfn) >> loss: 1.9129 
2023-12-16 16:57:04,688 - MMSA [INFO] - M: >>  Has0_acc_2: 0.6776  Has0_F1_score: 0.6885  Non0_acc_2: 0.4755  Non0_F1_score: 0.4913  Acc_3: 0.5811  F1_score_3: 0.5777 
2023-12-16 16:57:04,688 - MMSA [INFO] - T: >>  Has0_acc_2: 0.6579  Has0_F1_score: 0.6714  Non0_acc_2: 0.4393  Non0_F1_score: 0.4789  Acc_3: 0.5548  F1_score_3: 0.5730 
2023-12-16 16:57:04,698 - MMSA [INFO] - A: >>  Has0_acc_2: 0.6952  Has0_F1_score: 0.5702  Non0_acc_2: 0.6408  Non0_F1_score: 0.5006  Acc_3: 0.5439  F1_score_3: 0.3832 
2023-12-16 16:57:04,698 - MMSA [INFO] - V: >>  Has0_acc_2: 0.6952  Has0_F1_score: 0.5702  Non0_acc_2: 0.6408  Non0_F1_score: 0.5006  Acc_3: 0.5439  F1_score_3: 0.3832 
2023-12-16 16:59:32,083 - MMSA [INFO] - M: >>  Has0_acc_2: 0.8143  Has0_F1_score: 0.8189  Non0_acc_2: 0.5969  Non0_F1_score: 0.5847  Acc_3: 0.7661  F1_score_3: 0.7495 
2023-12-16 16:59:32,090 - MMSA [INFO] - T: >>  Has0_acc_2: 0.7865  Has0_F1_score: 0.7938  Non0_acc_2: 0.5642  Non0_F1_score: 0.5723  Acc_3: 0.7368  F1_score_3: 0.7411 
2023-12-16 16:59:32,097 - MMSA [INFO] - A: >>  Has0_acc_2: 0.6937  Has0_F1_score: 0.5683  Non0_acc_2: 0.6391  Non0_F1_score: 0.4984  Acc_3: 0.5424  F1_score_3: 0.3815 
2023-12-16 16:59:32,104 - MMSA [INFO] - V: >>  Has0_acc_2: 0.6937  Has0_F1_score: 0.5683  Non0_acc_2: 0.6391  Non0_F1_score: 0.4984  Acc_3: 0.5424  F1_score_3: 0.3815 
2023-12-16 16:59:56,041 - MMSA [INFO] - VAL-(mtfn) >> loss: 2.1097 
2023-12-16 16:59:56,054 - MMSA [INFO] - M: >>  Has0_acc_2: 0.6228  Has0_F1_score: 0.6365  Non0_acc_2: 0.3928  Non0_F1_score: 0.4530  Acc_3: 0.5636  F1_score_3: 0.5561 
2023-12-16 16:59:56,059 - MMSA [INFO] - T: >>  Has0_acc_2: 0.6053  Has0_F1_score: 0.6166  Non0_acc_2: 0.3618  Non0_F1_score: 0.4366  Acc_3: 0.5373  F1_score_3: 0.5494 
2023-12-16 16:59:56,064 - MMSA [INFO] - A: >>  Has0_acc_2: 0.6952  Has0_F1_score: 0.5702  Non0_acc_2: 0.6408  Non0_F1_score: 0.5006  Acc_3: 0.5439  F1_score_3: 0.3832 
2023-12-16 16:59:56,069 - MMSA [INFO] - V: >>  Has0_acc_2: 0.6952  Has0_F1_score: 0.5702  Non0_acc_2: 0.6408  Non0_F1_score: 0.5006  Acc_3: 0.5439  F1_score_3: 0.3832 
2023-12-16 17:02:23,133 - MMSA [INFO] - M: >>  Has0_acc_2: 0.8158  Has0_F1_score: 0.8203  Non0_acc_2: 0.5978  Non0_F1_score: 0.5859  Acc_3: 0.7668  F1_score_3: 0.7521 
2023-12-16 17:02:23,140 - MMSA [INFO] - T: >>  Has0_acc_2: 0.7953  Has0_F1_score: 0.8023  Non0_acc_2: 0.5693  Non0_F1_score: 0.5771  Acc_3: 0.7412  F1_score_3: 0.7461 
2023-12-16 17:02:23,147 - MMSA [INFO] - A: >>  Has0_acc_2: 0.6937  Has0_F1_score: 0.5683  Non0_acc_2: 0.6391  Non0_F1_score: 0.4984  Acc_3: 0.5424  F1_score_3: 0.3815 
2023-12-16 17:02:23,155 - MMSA [INFO] - V: >>  Has0_acc_2: 0.6937  Has0_F1_score: 0.5683  Non0_acc_2: 0.6391  Non0_F1_score: 0.4984  Acc_3: 0.5424  F1_score_3: 0.3815 
2023-12-16 17:02:47,549 - MMSA [INFO] - VAL-(mtfn) >> loss: 1.9700 
2023-12-16 17:02:47,559 - MMSA [INFO] - M: >>  Has0_acc_2: 0.7193  Has0_F1_score: 0.7241  Non0_acc_2: 0.5271  Non0_F1_score: 0.5167  Acc_3: 0.6294  F1_score_3: 0.6057 
2023-12-16 17:02:47,559 - MMSA [INFO] - T: >>  Has0_acc_2: 0.6908  Has0_F1_score: 0.7016  Non0_acc_2: 0.4858  Non0_F1_score: 0.5030  Acc_3: 0.5965  F1_score_3: 0.5984 
2023-12-16 17:02:47,569 - MMSA [INFO] - A: >>  Has0_acc_2: 0.6952  Has0_F1_score: 0.5702  Non0_acc_2: 0.6408  Non0_F1_score: 0.5006  Acc_3: 0.5439  F1_score_3: 0.3832 
2023-12-16 17:02:47,569 - MMSA [INFO] - V: >>  Has0_acc_2: 0.6952  Has0_F1_score: 0.5702  Non0_acc_2: 0.6408  Non0_F1_score: 0.5006  Acc_3: 0.5439  F1_score_3: 0.3832 
2023-12-16 17:05:19,364 - MMSA [INFO] - M: >>  Has0_acc_2: 0.8194  Has0_F1_score: 0.8237  Non0_acc_2: 0.6055  Non0_F1_score: 0.5896  Acc_3: 0.7836  F1_score_3: 0.7712 
2023-12-16 17:05:19,378 - MMSA [INFO] - T: >>  Has0_acc_2: 0.7975  Has0_F1_score: 0.8040  Non0_acc_2: 0.5762  Non0_F1_score: 0.5782  Acc_3: 0.7500  F1_score_3: 0.7559 
2023-12-16 17:05:19,386 - MMSA [INFO] - A: >>  Has0_acc_2: 0.6937  Has0_F1_score: 0.5683  Non0_acc_2: 0.6391  Non0_F1_score: 0.4984  Acc_3: 0.5424  F1_score_3: 0.3815 
2023-12-16 17:05:19,393 - MMSA [INFO] - V: >>  Has0_acc_2: 0.6937  Has0_F1_score: 0.5683  Non0_acc_2: 0.6391  Non0_F1_score: 0.4984  Acc_3: 0.5424  F1_score_3: 0.3815 
2023-12-16 17:05:43,787 - MMSA [INFO] - VAL-(mtfn) >> loss: 2.0037 
2023-12-16 17:05:43,793 - MMSA [INFO] - M: >>  Has0_acc_2: 0.7127  Has0_F1_score: 0.7157  Non0_acc_2: 0.5271  Non0_F1_score: 0.5107  Acc_3: 0.6206  F1_score_3: 0.5819 
2023-12-16 17:05:43,799 - MMSA [INFO] - T: >>  Has0_acc_2: 0.7061  Has0_F1_score: 0.7120  Non0_acc_2: 0.5142  Non0_F1_score: 0.5081  Acc_3: 0.5855  F1_score_3: 0.5855 
2023-12-16 17:05:43,804 - MMSA [INFO] - A: >>  Has0_acc_2: 0.6952  Has0_F1_score: 0.5702  Non0_acc_2: 0.6408  Non0_F1_score: 0.5006  Acc_3: 0.5439  F1_score_3: 0.3832 
2023-12-16 17:05:43,809 - MMSA [INFO] - V: >>  Has0_acc_2: 0.6952  Has0_F1_score: 0.5702  Non0_acc_2: 0.6408  Non0_F1_score: 0.5006  Acc_3: 0.5439  F1_score_3: 0.3832 
2023-12-19 16:05:33,641 - MMSA [INFO] - ======================================== Program Start ========================================
2023-12-24 15:57:54,935 - MMSA [INFO] - ======================================== Program Start ========================================
2023-12-24 15:57:54,935 - MMSA [INFO] - Running with args:
2023-12-24 15:57:54,935 - MMSA [INFO] - {'model_name': 'mtfn', 'dataset_name': 'sims', 'featurePath': '/home/sharing/disk3/Datasets/MMSA-Standard\\SIMS/Processed/unaligned_39.pkl', 'seq_lens': [39, 400, 55], 'feature_dims': [768, 33, 709], 'train_samples': 1368, 'num_classes': 3, 'language': 'cn', 'KeyEval': 'Loss', 'missing_rate': [0.2, 0.2, 0.2], 'missing_seed': [1111, 1111, 1111], 'need_data_aligned': False, 'need_model_aligned': False, 'need_normalized': True, 'early_stop': 8, 'hidden_dims': [256, 32, 256], 'text_out': 256, 'post_fusion_dim': 64, 'post_text_dim': 64, 'post_audio_dim': 4, 'post_video_dim': 8, 'dropouts': [0.2, 0.2, 0.2], 'post_dropouts': [0.2, 0.2, 0.2, 0.2], 'batch_size': 16, 'learning_rate': 0.005, 'M': 0.6, 'T': 0.4, 'A': 0.0, 'V': 1.0, 'text_weight_decay': 0.001, 'audio_weight_decay': 0.0001, 'video_weight_decay': 1e-05, 'weight_decay': 0.005, 'model_save_path': WindowsPath('model/mtfn-sims.onnx'), 'device': device(type='cpu'), 'train_mode': 'classification', 'custom_feature': None, 'feature_T': None, 'feature_A': None, 'feature_V': None}
2023-12-24 15:57:54,937 - MMSA [INFO] - Seeds: [1111, 1112, 1113, 1114, 1115]
2023-12-24 15:57:54,940 - MMSA [INFO] - ------------------------------ Running with seed 1111 [1/5] ------------------------------
2023-12-27 20:49:11,883 - MMSA [INFO] - ======================================== Program Start ========================================
2023-12-27 20:49:11,885 - MMSA [INFO] - Running with args:
2023-12-27 20:49:11,885 - MMSA [INFO] - {'model_name': 'mtfn', 'dataset_name': 'sims', 'featurePath': '/home/sharing/disk3/Datasets/MMSA-Standard\\SIMS/Processed/unaligned_39.pkl', 'seq_lens': [39, 400, 55], 'feature_dims': [768, 33, 709], 'train_samples': 1368, 'num_classes': 3, 'language': 'cn', 'KeyEval': 'Loss', 'missing_rate': [0.2, 0.2, 0.2], 'missing_seed': [1111, 1111, 1111], 'need_data_aligned': False, 'need_model_aligned': False, 'need_normalized': True, 'early_stop': 8, 'hidden_dims': [256, 32, 256], 'text_out': 256, 'post_fusion_dim': 64, 'post_text_dim': 64, 'post_audio_dim': 4, 'post_video_dim': 8, 'dropouts': [0.2, 0.2, 0.2], 'post_dropouts': [0.2, 0.2, 0.2, 0.2], 'batch_size': 16, 'learning_rate': 0.005, 'M': 0.6, 'T': 0.4, 'A': 0.0, 'V': 1.0, 'text_weight_decay': 0.001, 'audio_weight_decay': 0.0001, 'video_weight_decay': 1e-05, 'weight_decay': 0.005, 'model_save_path': WindowsPath('model/mtfn-sims.onnx'), 'device': device(type='cpu'), 'train_mode': 'classification', 'custom_feature': None, 'feature_T': None, 'feature_A': None, 'feature_V': None}
2023-12-27 20:49:11,886 - MMSA [INFO] - Seeds: [1111, 1112, 1113, 1114, 1115]
2023-12-27 20:49:11,887 - MMSA [INFO] - ------------------------------ Running with seed 1111 [1/5] ------------------------------
